[2013-11-11 17:53:55] DataProvidersTest::testIsTriangle.INFO: PASSED [] []
[2013-11-11 17:53:55] DataProvidersTest::testIsTriangle.INFO: PASSED [] []
[2013-11-11 17:53:55] DataProvidersTest::testIsTriangle.INFO: PASSED [] []
[2013-11-11 17:53:55] DependsTest::testOne.ALERT: Failed asserting that false is true. [] []
[2013-11-11 17:53:55] DependsTest::testOne.INFO: # FAILED # [] []
[2013-11-11 17:53:55] DependsTest::testOne.INFO: PASSED [] []
[2013-11-11 17:53:55] DependsTest::testTwo.INFO: PASSED [] []
[2013-11-11 17:53:55] DependsTest::testTwo.ALERT: Failed asserting that true is false. [] []
[2013-11-11 17:53:55] DependsTest::testTwo.INFO: # FAILED # [] []
[2013-11-11 17:53:55] DependsTest::testTwo.INFO: PASSED [] []
[2013-11-11 17:53:55] PassingTest::testMe.INFO: PASSED [] []
[2013-11-11 17:54:21] DataProvidersTest::testIsTriangle.INFO: PASSED [] []
[2013-11-11 17:54:21] DataProvidersTest::testIsTriangle.INFO: PASSED [] []
[2013-11-11 17:54:21] DataProvidersTest::testIsTriangle.INFO: PASSED [] []
[2013-11-11 17:54:35] DependsTest::testOne.ALERT: Failed asserting that false is true. [] []
[2013-11-11 17:54:35] DependsTest::testOne.INFO: # FAILED # [] []
[2013-11-11 17:54:35] DependsTest::testOne.INFO: PASSED [] []
[2013-11-11 17:54:35] DependsTest::testTwo.INFO: PASSED [] []
[2013-11-11 17:54:52] DependsTest::testOne.ALERT: Failed asserting that false is true. [] []
[2013-11-11 17:54:52] DependsTest::testOne.INFO: # FAILED # [] []
[2013-11-11 17:54:52] DependsTest::testOne.INFO: PASSED [] []
[2013-11-11 17:54:52] DependsTest::testTwo.INFO: PASSED [] []
[2013-11-11 17:55:00] DependsTest::testOne.ALERT: Failed asserting that false is true. [] []
[2013-11-11 17:55:00] DependsTest::testOne.INFO: # FAILED # [] []
[2013-11-11 17:55:00] DependsTest::testOne.INFO: PASSED [] []
[2013-11-11 17:55:00] DependsTest::testOne.INFO: # Skipped # [] []
[2013-11-11 17:55:02] DependsTest::testOne.ALERT: Failed asserting that false is true. [] []
[2013-11-11 17:55:02] DependsTest::testOne.INFO: # FAILED # [] []
[2013-11-11 17:55:02] DependsTest::testOne.INFO: PASSED [] []
[2013-11-11 17:55:02] DependsTest::testOne.INFO: # Skipped # [] []
[2013-11-11 17:55:39] DependsTest::testOne.ALERT: Failed asserting that false is true. [] []
[2013-11-11 17:55:39] DependsTest::testOne.INFO: # FAILED # [] []
[2013-11-11 17:55:39] DependsTest::testOne.INFO: PASSED [] []
[2013-11-11 17:55:39] DependsTest::testTwo.INFO: PASSED [] []
[2013-11-11 17:55:46] DependsTest::testOne.ALERT: Failed asserting that false is true. [] []
[2013-11-11 17:55:46] DependsTest::testOne.INFO: # FAILED # [] []
[2013-11-11 17:55:46] DependsTest::testOne.INFO: PASSED [] []
[2013-11-11 17:55:46] DependsTest::testTwo.INFO: PASSED [] []
[2013-11-11 17:55:58] DependsTest::testOne.ALERT: Failed asserting that false is true. [] []
[2013-11-11 17:55:58] DependsTest::testOne.INFO: # FAILED # [] []
[2013-11-11 17:55:58] DependsTest::testOne.INFO: PASSED [] []
[2013-11-11 17:55:58] DependsTest::testTwo.INFO: PASSED [] []
[2013-11-11 17:56:03] DependsTest::testOne.ALERT: Failed asserting that false is true. [] []
[2013-11-11 17:56:03] DependsTest::testOne.INFO: # FAILED # [] []
[2013-11-11 17:56:03] DependsTest::testOne.INFO: PASSED [] []
[2013-11-11 17:56:03] DependsTest::testTwo.INFO: PASSED [] []
[2013-11-11 17:56:11] DependsTest::testOne.ALERT: Failed asserting that false is true. [] []
[2013-11-11 17:56:11] DependsTest::testOne.INFO: # FAILED # [] []
[2013-11-11 17:56:11] DependsTest::testOne.INFO: PASSED [] []
[2013-11-11 17:56:11] DependsTest::testTwo.INFO: PASSED [] []
[2013-11-11 17:57:08] DependsTest::testOne.ALERT: Failed asserting that false is true. [] []
[2013-11-11 17:57:08] DependsTest::testOne.INFO: # FAILED # [] []
[2013-11-11 17:57:08] DependsTest::testOne.INFO: PASSED [] []
[2013-11-11 17:57:08] DependsTest::testOne.INFO: # Skipped # [] []
[2013-11-11 17:57:13] DependsTest::testOne.ALERT: Failed asserting that false is true. [] []
[2013-11-11 17:57:13] DependsTest::testOne.INFO: # FAILED # [] []
[2013-11-11 17:57:13] DependsTest::testOne.INFO: PASSED [] []
[2013-11-11 17:57:13] DependsTest::testOne.INFO: # Skipped # [] []
[2013-11-11 18:02:13] DependsTest::testOne.ALERT: Failed asserting that false is true. [] []
[2013-11-11 18:02:13] DependsTest::testOne.INFO: # FAILED # [] []
[2013-11-11 18:02:13] DependsTest::testOne.INFO: PASSED [] []
[2013-11-11 18:02:13] DependsTest::testTwo.INFO: PASSED [] []
[2013-11-11 18:03:54] DependsTest::testOne.ALERT: Failed asserting that false is true. [] []
[2013-11-11 18:03:54] DependsTest::testOne.INFO: # FAILED # [] []
[2013-11-11 18:03:54] DependsTest::testOne.INFO: PASSED [] []
[2013-11-11 18:04:01] DependsTest::testOne.ALERT: Failed asserting that false is true. [] []
[2013-11-11 18:04:01] DependsTest::testOne.INFO: # FAILED # [] []
[2013-11-11 18:04:01] DependsTest::testOne.INFO: PASSED [] []
[2013-11-11 18:04:08] DependsTest::testOne.ALERT: Failed asserting that false is true. [] []
[2013-11-11 18:04:08] DependsTest::testOne.INFO: # FAILED # [] []
[2013-11-11 18:04:08] DependsTest::testOne.INFO: PASSED [] []
[2013-11-11 18:04:48] DependsTest::testOne.ALERT: Failed asserting that false is true. [] []
[2013-11-11 18:04:48] DependsTest::testOne.INFO: # FAILED # [] []
[2013-11-11 18:04:48] DependsTest::testOne.INFO: PASSED [] []
[2013-11-11 18:05:08] DependsTest::testOne.ALERT: Failed asserting that false is true. [] []
[2013-11-11 18:05:08] DependsTest::testOne.INFO: # FAILED # [] []
[2013-11-11 18:05:08] DependsTest::testOne.INFO: PASSED [] []
[2013-11-11 18:05:13] DependsTest::testOne.ALERT: Failed asserting that false is true. [] []
[2013-11-11 18:05:13] DependsTest::testOne.INFO: # FAILED # [] []
[2013-11-11 18:05:13] DependsTest::testOne.INFO: PASSED [] []
[2013-11-11 18:05:13] DependsTest::testOne.INFO: # Skipped # [] []
[2013-11-11 18:05:30] DependsTest::testOne.ALERT: Failed asserting that false is true. [] []
[2013-11-11 18:05:30] DependsTest::testOne.INFO: # FAILED # [] []
[2013-11-11 18:05:30] DependsTest::testOne.INFO: PASSED [] []
[2013-11-11 18:05:30] DependsTest::testOne.INFO: # Skipped # [] []
[2013-11-11 18:05:36] DependsTest::testOne.ALERT: Failed asserting that false is true. [] []
[2013-11-11 18:05:36] DependsTest::testOne.INFO: # FAILED # [] []
[2013-11-11 18:05:36] DependsTest::testOne.INFO: PASSED [] []
[2013-11-11 18:05:36] DependsTest::testOne.INFO: # Skipped # [] []
[2013-11-11 18:06:02] DependsTest::testOne.ALERT: Failed asserting that false is true. [] []
[2013-11-11 18:06:02] DependsTest::testOne.INFO: # FAILED # [] []
[2013-11-11 18:06:02] DependsTest::testOne.INFO: PASSED [] []
[2013-11-11 18:06:02] DependsTest::testOne.INFO: # Skipped # [] []
[2013-11-11 18:06:03] DependsTest::testOne.ALERT: Failed asserting that false is true. [] []
[2013-11-11 18:06:03] DependsTest::testOne.INFO: # FAILED # [] []
[2013-11-11 18:06:03] DependsTest::testOne.INFO: PASSED [] []
[2013-11-11 18:06:03] DependsTest::testOne.INFO: # Skipped # [] []
[2013-11-11 18:06:27] DependsTest::testOne.ALERT: Failed asserting that false is true. [] []
[2013-11-11 18:06:27] DependsTest::testOne.INFO: # FAILED # [] []
[2013-11-11 18:06:27] DependsTest::testOne.INFO: PASSED [] []
[2013-11-11 18:06:27] DependsTest::testOne.INFO: # Skipped # [] []
[2013-11-11 18:07:55] DependsTest::testOne.ALERT: Failed asserting that false is true. [] []
[2013-11-11 18:07:55] DependsTest::testOne.INFO: # FAILED # [] []
[2013-11-11 18:07:55] DependsTest::testOne.INFO: PASSED [] []
[2013-11-11 18:07:55] DependsTest::testOne.INFO: # Skipped # [] []
[2013-11-11 18:08:05] DependsTest::testOne.ALERT: Failed asserting that false is true. [] []
[2013-11-11 18:08:05] DependsTest::testOne.INFO: # FAILED # [] []
[2013-11-11 18:08:05] DependsTest::testOne.INFO: PASSED [] []
[2013-11-11 18:08:05] DependsTest::testOne.INFO: # Skipped # [] []
[2013-11-11 18:08:30] DependsTest::testOne.ALERT: Failed asserting that false is true. [] []
[2013-11-11 18:08:30] DependsTest::testOne.INFO: # FAILED # [] []
[2013-11-11 18:08:30] DependsTest::testOne.INFO: PASSED [] []
[2013-11-11 18:08:30] DependsTest::testOne.INFO: # Skipped # [] []
[2013-11-11 18:09:05] DependsTest::testOne.ALERT: Failed asserting that false is true. [] []
[2013-11-11 18:09:05] DependsTest::testOne.INFO: # FAILED # [] []
[2013-11-11 18:09:05] DependsTest::testOne.INFO: PASSED [] []
[2013-11-11 18:09:05] DependsTest::testOne.INFO: # Skipped # [] []
[2013-11-11 18:14:31] DependsTest::testOne.ALERT: Failed asserting that false is true. [] []
[2013-11-11 18:14:31] DependsTest::testOne.INFO: # FAILED # [] []
[2013-11-11 18:14:31] DependsTest::testOne.INFO: PASSED [] []
[2013-11-11 18:14:31] DependsTest::testOne.INFO: # Skipped # [] []
[2013-11-11 18:15:42] DependsTest::testOne.ALERT: Failed asserting that false is true. [] []
[2013-11-11 18:15:42] DependsTest::testOne.INFO: # FAILED # [] []
[2013-11-11 18:15:42] DependsTest::testOne.INFO: PASSED [] []
[2013-11-11 18:15:42] DependsTest::testOne.INFO: # Skipped # [] []
[2013-11-11 18:29:04] DataProvidersTest::testIsTriangle.INFO: PASSED [] []
[2013-11-11 18:29:04] DataProvidersTest::testIsTriangle.INFO: PASSED [] []
[2013-11-11 18:29:04] DataProvidersTest::testIsTriangle.INFO: PASSED [] []
[2013-11-11 18:29:04] DataProvidersTest::testIsTriangle.INFO: # Skipped # [] []
[2013-11-11 18:29:17] DataProvidersTest::testIsTriangle.INFO: PASSED [] []
[2013-11-11 18:29:17] DataProvidersTest::testIsTriangle.INFO: PASSED [] []
[2013-11-11 18:29:17] DataProvidersTest::testIsTriangle.ALERT: Failed asserting that false is true. [] []
[2013-11-11 18:29:17] DataProvidersTest::testIsTriangle.INFO: # FAILED # [] []
[2013-11-11 18:29:17] DataProvidersTest::testIsTriangle.INFO: PASSED [] []
[2013-11-11 18:29:17] DataProvidersTest::testIsTriangle.INFO: # Skipped # [] []
[2013-11-11 18:30:08] DataProvidersTest::testIsTriangle.INFO: PASSED [] []
[2013-11-11 18:30:09] DataProvidersTest::testIsTriangle.INFO: PASSED [] []
[2013-11-11 18:30:09] DataProvidersTest::testIsTriangle.ALERT: Failed asserting that false is true. [] []
[2013-11-11 18:30:09] DataProvidersTest::testIsTriangle.INFO: # FAILED # [] []
[2013-11-11 18:30:09] DataProvidersTest::testIsTriangle.INFO: PASSED [] []
[2013-11-11 18:30:45] DataProvidersTest::testIsTriangle.INFO: PASSED [] []
[2013-11-11 18:30:45] DataProvidersTest::testIsTriangle.INFO: PASSED [] []
[2013-11-11 18:30:45] DataProvidersTest::testIsTriangle.ALERT: Failed asserting that false is true. [] []
[2013-11-11 18:30:45] DataProvidersTest::testIsTriangle.INFO: # FAILED # [] []
[2013-11-11 18:30:45] DataProvidersTest::testIsTriangle.INFO: PASSED [] []
[2013-11-11 18:30:45] DataProvidersTest::testIsTriangle.INFO: # Skipped # [] []
[2013-11-11 18:30:51] DataProvidersTest::testIsTriangle.INFO: PASSED [] []
[2013-11-11 18:30:51] DataProvidersTest::testIsTriangle.INFO: PASSED [] []
[2013-11-11 18:30:51] DataProvidersTest::testIsTriangle.ALERT: Failed asserting that false is true. [] []
[2013-11-11 18:30:51] DataProvidersTest::testIsTriangle.INFO: # FAILED # [] []
[2013-11-11 18:30:51] DataProvidersTest::testIsTriangle.INFO: PASSED [] []
[2013-11-11 18:30:51] DataProvidersTest::testThis.INFO: PASSED [] []
[2013-11-11 20:39:09] DataProvidersTest::testIsTriangle.INFO: PASSED [] []
[2013-11-11 20:39:09] DataProvidersTest::testIsTriangle.INFO: PASSED [] []
[2013-11-11 20:39:09] DataProvidersTest::testIsTriangle.ALERT: Failed asserting that false is true. [] []
[2013-11-11 20:39:09] DataProvidersTest::testIsTriangle.INFO: # FAILED # [] []
[2013-11-11 20:39:09] DataProvidersTest::testIsTriangle.INFO: PASSED [] []
[2013-11-11 20:39:41] DataProvidersTest::testIsTriangle.INFO: PASSED [] []
[2013-11-11 20:39:41] DataProvidersTest::testIsTriangle.INFO: PASSED [] []
[2013-11-11 20:39:41] DataProvidersTest::testIsTriangle.ALERT: Failed asserting that false is true. [] []
[2013-11-11 20:39:41] DataProvidersTest::testIsTriangle.INFO: # FAILED # [] []
[2013-11-11 20:39:41] DataProvidersTest::testIsTriangle.INFO: PASSED [] []
[2013-11-11 20:39:41] DataProvidersTest::testIsTriangle.INFO: # Skipped # [] []
[2013-11-11 20:42:09] DataProvidersTest::testIsTriangle.INFO: PASSED [] []
[2013-11-11 20:42:09] DataProvidersTest::testIsTriangle.INFO: PASSED [] []
[2013-11-11 20:42:09] DataProvidersTest::testIsTriangle.ALERT: Failed asserting that false is true. [] []
[2013-11-11 20:42:09] DataProvidersTest::testIsTriangle.INFO: # FAILED # [] []
[2013-11-11 20:42:09] DataProvidersTest::testIsTriangle.INFO: PASSED [] []
[2013-11-11 20:42:09] DataProvidersTest::testIsTriangle.INFO: # Skipped # [] []
[2013-11-11 20:43:52] DataProvidersTest::testIsTriangle.INFO: PASSED [] []
[2013-11-11 20:43:52] DataProvidersTest::testIsTriangle.INFO: PASSED [] []
[2013-11-11 20:43:52] DataProvidersTest::testIsTriangle.ALERT: Failed asserting that false is true. [] []
[2013-11-11 20:43:52] DataProvidersTest::testIsTriangle.INFO: # FAILED # [] []
[2013-11-11 20:43:52] DataProvidersTest::testIsTriangle.INFO: PASSED [] []
[2013-11-11 20:43:52] DataProvidersTest::testIsTriangle.INFO: # Skipped # [] []
[2013-11-11 20:44:57] DataProvidersTest::testIsTriangle.INFO: PASSED [] []
[2013-11-11 20:44:57] DataProvidersTest::testIsTriangle.INFO: PASSED [] []
[2013-11-11 20:44:57] DataProvidersTest::testIsTriangle.ALERT: Failed asserting that false is true. [] []
[2013-11-11 20:44:57] DataProvidersTest::testIsTriangle.INFO: # FAILED # [] []
[2013-11-11 20:44:57] DataProvidersTest::testIsTriangle.INFO: PASSED [] []
[2013-11-11 20:44:57] DataProvidersTest::testThis.INFO: PASSED [] []
[2013-11-11 20:45:05] DataProvidersTest::testIsTriangle.INFO: PASSED [] []
[2013-11-11 20:45:05] DataProvidersTest::testIsTriangle.INFO: PASSED [] []
[2013-11-11 20:45:05] DataProvidersTest::testIsTriangle.ALERT: Failed asserting that false is true. [] []
[2013-11-11 20:45:05] DataProvidersTest::testIsTriangle.INFO: # FAILED # [] []
[2013-11-11 20:45:05] DataProvidersTest::testIsTriangle.INFO: PASSED [] []
[2013-11-11 20:45:05] DataProvidersTest::testIsTriangle.INFO: # Skipped # [] []
[2013-11-11 20:45:11] DataProvidersTest::testIsTriangle.INFO: PASSED [] []
[2013-11-11 20:45:11] DataProvidersTest::testIsTriangle.INFO: PASSED [] []
[2013-11-11 20:45:11] DataProvidersTest::testIsTriangle.ALERT: Failed asserting that false is true. [] []
[2013-11-11 20:45:11] DataProvidersTest::testIsTriangle.INFO: # FAILED # [] []
[2013-11-11 20:45:11] DataProvidersTest::testIsTriangle.INFO: PASSED [] []
[2013-11-11 20:45:11] DataProvidersTest::testIsTriangle.INFO: # Skipped # [] []
[2013-11-11 20:45:18] DataProvidersTest::testIsTriangle.INFO: PASSED [] []
[2013-11-11 20:45:18] DataProvidersTest::testIsTriangle.INFO: PASSED [] []
[2013-11-11 20:45:18] DataProvidersTest::testIsTriangle.ALERT: Failed asserting that false is true. [] []
[2013-11-11 20:45:18] DataProvidersTest::testIsTriangle.INFO: # FAILED # [] []
[2013-11-11 20:45:18] DataProvidersTest::testIsTriangle.INFO: PASSED [] []
[2013-11-11 20:45:18] DataProvidersTest::testIsTriangle.INFO: # Skipped # [] []
[2013-11-11 20:45:46] DataProvidersTest::testIsTriangle.INFO: PASSED [] []
[2013-11-11 20:45:46] DataProvidersTest::testIsTriangle.INFO: PASSED [] []
[2013-11-11 20:45:46] DataProvidersTest::testIsTriangle.ALERT: Failed asserting that false is true. [] []
[2013-11-11 20:45:46] DataProvidersTest::testIsTriangle.INFO: # FAILED # [] []
[2013-11-11 20:45:46] DataProvidersTest::testIsTriangle.INFO: PASSED [] []
[2013-11-11 20:45:46] DataProvidersTest::testIsTriangle.INFO: # Skipped # [] []
[2013-11-11 20:45:59] DataProvidersTest::testIsTriangle.INFO: PASSED [] []
[2013-11-11 20:45:59] DataProvidersTest::testIsTriangle.INFO: PASSED [] []
[2013-11-11 20:45:59] DataProvidersTest::testIsTriangle.ALERT: Failed asserting that false is true. [] []
[2013-11-11 20:45:59] DataProvidersTest::testIsTriangle.INFO: # FAILED # [] []
[2013-11-11 20:45:59] DataProvidersTest::testIsTriangle.INFO: PASSED [] []
[2013-11-11 20:45:59] DataProvidersTest::testIsTriangle.INFO: # Skipped # [] []
[2013-11-11 20:45:59] DependsTest::testOne.ALERT: Failed asserting that false is true. [] []
[2013-11-11 20:45:59] DependsTest::testOne.INFO: # FAILED # [] []
[2013-11-11 20:45:59] DependsTest::testOne.INFO: PASSED [] []
[2013-11-11 20:45:59] DependsTest::testOne.INFO: # Skipped # [] []
[2013-11-11 20:45:59] DependsTest::testOne.ALERT: Failed asserting that true is false. [] []
[2013-11-11 20:45:59] DependsTest::testOne.INFO: # FAILED # [] []
[2013-11-11 20:45:59] DependsTest::testOne.INFO: PASSED [] []
[2013-11-11 20:45:59] PassingTest::testMe.INFO: PASSED [] []
[2013-11-11 20:55:13] DataProvidersTest::testIsTriangle.INFO: PASSED [] []
[2013-11-11 20:55:13] DataProvidersTest::testIsTriangle.INFO: PASSED [] []
[2013-11-11 20:55:13] DataProvidersTest::testIsTriangle.INFO: PASSED [] []
[2013-11-11 20:55:13] DependsTest::testOne.ALERT: Failed asserting that false is true. [] []
[2013-11-11 20:55:13] DependsTest::testOne.INFO: # FAILED # [] []
[2013-11-11 20:55:13] DependsTest::testOne.INFO: PASSED [] []
[2013-11-11 20:55:13] DependsTest::testOne.INFO: # Skipped # [] []
[2013-11-11 20:55:13] DependsTest::testOne.ALERT: Failed asserting that true is false. [] []
[2013-11-11 20:55:13] DependsTest::testOne.INFO: # FAILED # [] []
[2013-11-11 20:55:13] DependsTest::testOne.INFO: PASSED [] []
[2013-11-11 20:55:13] PassingTest::testMe.INFO: PASSED [] []
[2013-11-11 20:55:17] DataProvidersTest::testIsTriangle.INFO: PASSED [] []
[2013-11-11 20:55:17] DataProvidersTest::testIsTriangle.INFO: PASSED [] []
[2013-11-11 20:55:17] DataProvidersTest::testIsTriangle.INFO: PASSED [] []
[2013-11-11 20:55:17] DependsTest::testOne.ALERT: Failed asserting that false is true. [] []
[2013-11-11 20:55:17] DependsTest::testOne.INFO: # FAILED # [] []
[2013-11-11 20:55:17] DependsTest::testOne.INFO: PASSED [] []
[2013-11-11 20:55:17] DependsTest::testOne.INFO: # Skipped # [] []
[2013-11-11 20:55:17] DependsTest::testOne.ALERT: Failed asserting that true is false. [] []
[2013-11-11 20:55:17] DependsTest::testOne.INFO: # FAILED # [] []
[2013-11-11 20:55:17] DependsTest::testOne.INFO: PASSED [] []
[2013-11-11 20:55:17] PassingTest::testMe.INFO: PASSED [] []
[2013-11-11 20:55:42] DataProvidersTest::testIsTriangle.INFO: PASSED [] []
[2013-11-11 20:55:42] DataProvidersTest::testIsTriangle.INFO: PASSED [] []
[2013-11-11 20:55:42] DataProvidersTest::testIsTriangle.INFO: PASSED [] []
[2013-11-11 20:55:42] DependsTest::testOne.ALERT: Failed asserting that false is true. [] []
[2013-11-11 20:55:42] DependsTest::testOne.INFO: # FAILED # [] []
[2013-11-11 20:55:42] DependsTest::testOne.INFO: PASSED [] []
[2013-11-11 20:55:42] DependsTest::testOne.INFO: # Skipped # [] []
[2013-11-11 20:55:42] DependsTest::testOne.ALERT: Failed asserting that true is false. [] []
[2013-11-11 20:55:42] DependsTest::testOne.INFO: # FAILED # [] []
[2013-11-11 20:55:42] DependsTest::testOne.INFO: PASSED [] []
[2013-11-11 20:55:42] PassingTest::testMe.INFO: PASSED [] []
[2013-11-11 21:00:29] DataProvidersTest::testIsTriangle.INFO: PASSED [] []
[2013-11-11 21:00:29] DataProvidersTest::testIsTriangle.INFO: PASSED [] []
[2013-11-11 21:00:29] DataProvidersTest::testIsTriangle.INFO: PASSED [] []
[2013-11-11 21:00:29] DependsTest::testOne.ALERT: Failed asserting that false is true. [] []
[2013-11-11 21:00:29] DependsTest::testOne.INFO: # FAILED # [] []
[2013-11-11 21:00:29] DependsTest::testOne.INFO: PASSED [] []
[2013-11-11 21:00:29] DependsTest::testOne.INFO: # Skipped # [] []
[2013-11-11 21:00:29] DependsTest::testOne.ALERT: Failed asserting that true is false. [] []
[2013-11-11 21:00:29] DependsTest::testOne.INFO: # FAILED # [] []
[2013-11-11 21:00:29] DependsTest::testOne.INFO: PASSED [] []
[2013-11-11 21:00:29] PassingTest::testMe.INFO: PASSED [] []
[2013-11-11 21:00:34] DataProvidersTest::testIsTriangle.INFO: PASSED [] []
[2013-11-11 21:00:35] DataProvidersTest::testIsTriangle.INFO: PASSED [] []
[2013-11-11 21:00:35] DataProvidersTest::testIsTriangle.INFO: PASSED [] []
[2013-11-11 21:00:35] DependsTest::testOne.ALERT: Failed asserting that false is true. [] []
[2013-11-11 21:00:35] DependsTest::testOne.INFO: # FAILED # [] []
[2013-11-11 21:00:35] DependsTest::testOne.INFO: PASSED [] []
[2013-11-11 21:00:35] DependsTest::testOne.INFO: # Skipped # [] []
[2013-11-11 21:00:35] DependsTest::testOne.ALERT: Failed asserting that true is false. [] []
[2013-11-11 21:00:35] DependsTest::testOne.INFO: # FAILED # [] []
[2013-11-11 21:00:35] DependsTest::testOne.INFO: PASSED [] []
[2013-11-11 21:00:35] PassingTest::testMe.INFO: PASSED [] []
[2013-11-11 21:06:37] DataProvidersTest::testIsTriangle.INFO: PASSED [] []
[2013-11-11 21:06:37] DataProvidersTest::testIsTriangle.INFO: PASSED [] []
[2013-11-11 21:06:37] DataProvidersTest::testIsTriangle.INFO: PASSED [] []
[2013-11-11 21:06:37] DependsTest::testOne.ALERT: Failed asserting that false is true. [] []
[2013-11-11 21:06:37] DependsTest::testOne.INFO: # FAILED # [] []
[2013-11-11 21:06:37] DependsTest::testOne.INFO: PASSED [] []
[2013-11-11 21:06:37] DependsTest::testOne.INFO: # Skipped # [] []
[2013-11-11 21:06:37] DependsTest::testOne.ALERT: Failed asserting that true is false. [] []
[2013-11-11 21:06:37] DependsTest::testOne.INFO: # FAILED # [] []
[2013-11-11 21:06:37] DependsTest::testOne.INFO: PASSED [] []
[2013-11-11 21:06:37] PassingTest::testMe.INFO: PASSED [] []
[2013-11-11 21:08:54] DataProvidersTest::testIsTriangle.INFO: PASSED [] []
[2013-11-11 21:08:54] DataProvidersTest::testIsTriangle.INFO: PASSED [] []
[2013-11-11 21:08:54] DataProvidersTest::testIsTriangle.INFO: PASSED [] []
[2013-11-11 21:08:54] DependsTest::testOne.ALERT: Failed asserting that false is true. [] []
[2013-11-11 21:08:54] DependsTest::testOne.INFO: # FAILED # [] []
[2013-11-11 21:08:54] DependsTest::testOne.INFO: PASSED [] []
[2013-11-11 21:08:54] DependsTest::testOne.INFO: # Skipped # [] []
[2013-11-11 21:08:54] DependsTest::testOne.ALERT: Failed asserting that true is false. [] []
[2013-11-11 21:08:54] DependsTest::testOne.INFO: # FAILED # [] []
[2013-11-11 21:08:54] DependsTest::testOne.INFO: PASSED [] []
[2013-11-11 21:08:54] PassingTest::testMe.INFO: PASSED [] []
[2013-11-11 21:08:56] DataProvidersTest::testIsTriangle.INFO: PASSED [] []
[2013-11-11 21:08:56] DataProvidersTest::testIsTriangle.INFO: PASSED [] []
[2013-11-11 21:08:56] DataProvidersTest::testIsTriangle.INFO: PASSED [] []
[2013-11-11 21:08:56] DependsTest::testOne.ALERT: Failed asserting that false is true. [] []
[2013-11-11 21:08:56] DependsTest::testOne.INFO: # FAILED # [] []
[2013-11-11 21:08:56] DependsTest::testOne.INFO: PASSED [] []
[2013-11-11 21:08:56] DependsTest::testOne.INFO: # Skipped # [] []
[2013-11-11 21:08:56] DependsTest::testOne.ALERT: Failed asserting that true is false. [] []
[2013-11-11 21:08:56] DependsTest::testOne.INFO: # FAILED # [] []
[2013-11-11 21:08:56] DependsTest::testOne.INFO: PASSED [] []
[2013-11-11 21:08:56] PassingTest::testMe.INFO: PASSED [] []
[2013-11-11 21:26:48] DataProvidersTest::testIsTriangle.INFO: PASSED [] []
[2013-11-11 21:26:48] DataProvidersTest::testIsTriangle.INFO: PASSED [] []
[2013-11-11 21:26:48] DataProvidersTest::testIsTriangle.INFO: PASSED [] []
[2013-11-11 21:26:48] DependsTest::testOne.ALERT: Failed asserting that false is true. [] []
[2013-11-11 21:26:48] DependsTest::testOne.INFO: # FAILED # [] []
[2013-11-11 21:26:48] DependsTest::testOne.INFO: PASSED [] []
[2013-11-11 21:26:48] DependsTest::testOne.INFO: # Skipped # [] []
[2013-11-11 21:26:48] DependsTest::testOne.ALERT: Failed asserting that true is false. [] []
[2013-11-11 21:26:48] DependsTest::testOne.INFO: # FAILED # [] []
[2013-11-11 21:26:48] DependsTest::testOne.INFO: PASSED [] []
[2013-11-11 21:26:48] PassingTest::testMe.INFO: PASSED [] []
[2013-11-11 21:32:19] DataProvidersTest::testIsTriangle.INFO: PASSED [] []
[2013-11-11 21:32:19] DataProvidersTest::testIsTriangle.INFO: PASSED [] []
[2013-11-11 21:32:19] DataProvidersTest::testIsTriangle.INFO: PASSED [] []
[2013-11-11 21:32:19] DependsTest::testOne.ALERT: Failed asserting that false is true. [] []
[2013-11-11 21:32:19] DependsTest::testOne.INFO: # FAILED # [] []
[2013-11-11 21:32:19] DependsTest::testOne.INFO: PASSED [] []
[2013-11-11 21:32:19] DependsTest::testOne.INFO: # Skipped # [] []
[2013-11-11 21:32:19] DependsTest::testOne.ALERT: Failed asserting that true is false. [] []
[2013-11-11 21:32:19] DependsTest::testOne.INFO: # FAILED # [] []
[2013-11-11 21:32:19] DependsTest::testOne.INFO: PASSED [] []
[2013-11-11 21:32:19] PassingTest::testMe.INFO: PASSED [] []
[2013-11-11 21:37:27] DataProvidersTest::testIsTriangle.INFO: PASSED [] []
[2013-11-11 21:37:27] DataProvidersTest::testIsTriangle.INFO: PASSED [] []
[2013-11-11 21:37:27] DataProvidersTest::testIsTriangle.INFO: PASSED [] []
[2013-11-11 21:37:27] DataProvidersTest::testIsTriangle.ALERT: Failed asserting that true is false. [] []
[2013-11-11 21:37:27] DataProvidersTest::testIsTriangle.INFO: # FAILED # [] []
[2013-11-11 21:37:27] DataProvidersTest::testIsTriangle.INFO: PASSED [] []
[2013-11-11 21:37:27] PassingTest::testMe.INFO: PASSED [] []
[2013-11-11 21:45:07] DataProvidersTest::testIsTriangle.INFO: PASSED [] []
[2013-11-11 21:45:07] DataProvidersTest::testIsTriangle.INFO: PASSED [] []
[2013-11-11 21:45:07] DataProvidersTest::testIsTriangle.INFO: PASSED [] []
[2013-11-11 21:45:07] DependsTest::testOne.ALERT: Failed asserting that false is true. [] []
[2013-11-11 21:45:07] DependsTest::testOne.INFO: # FAILED # [] []
[2013-11-11 21:45:07] DependsTest::testOne.INFO: PASSED [] []
[2013-11-11 21:45:07] DependsTest::testOne.INFO: # Skipped # [] []
[2013-11-11 21:45:07] DependsTest::testOne.ALERT: Failed asserting that true is false. [] []
[2013-11-11 21:45:07] DependsTest::testOne.INFO: # FAILED # [] []
[2013-11-11 21:45:07] DependsTest::testOne.INFO: PASSED [] []
[2013-11-11 21:45:07] PassingTest::testMe.INFO: PASSED [] []
[2013-11-11 21:45:30] DataProvidersTest::testIsTriangle.INFO: PASSED [] []
[2013-11-11 21:45:30] DataProvidersTest::testIsTriangle.INFO: PASSED [] []
[2013-11-11 21:45:30] DataProvidersTest::testIsTriangle.INFO: PASSED [] []
[2013-11-11 21:45:30] DependsTest::testOne.ALERT: Failed asserting that false is true. [] []
[2013-11-11 21:45:30] DependsTest::testOne.INFO: # FAILED # [] []
[2013-11-11 21:45:30] DependsTest::testOne.INFO: PASSED [] []
[2013-11-11 21:45:30] DependsTest::testThree.ALERT: Failed asserting that false is true. [] []
[2013-11-11 21:45:30] DependsTest::testThree.INFO: # FAILED # [] []
[2013-11-11 21:45:30] DependsTest::testThree.INFO: PASSED [] []
[2013-11-11 21:45:30] DependsTest::testThree.INFO: # Skipped # [] []
[2013-11-11 21:45:30] DependsTest::testThree.ALERT: Failed asserting that true is false. [] []
[2013-11-11 21:45:30] DependsTest::testThree.INFO: # FAILED # [] []
[2013-11-11 21:45:30] DependsTest::testThree.INFO: PASSED [] []
[2013-11-11 21:45:30] PassingTest::testMe.INFO: PASSED [] []
[2013-11-11 21:50:13] DataProvidersTest::testIsTriangle.INFO: PASSED [] []
[2013-11-11 21:50:13] DataProvidersTest::testIsTriangle.INFO: PASSED [] []
[2013-11-11 21:50:13] DataProvidersTest::testIsTriangle.INFO: PASSED [] []
[2013-11-11 21:50:13] DependsTest::testOne.ALERT: Failed asserting that false is true. [] []
[2013-11-11 21:50:13] DependsTest::testOne.INFO: # FAILED # [] []
[2013-11-11 21:50:13] DependsTest::testOne.INFO: PASSED [] []
[2013-11-11 21:50:13] DependsTest::testThree.ALERT: Failed asserting that false is true. [] []
[2013-11-11 21:50:13] DependsTest::testThree.INFO: # FAILED # [] []
[2013-11-11 21:50:13] DependsTest::testThree.INFO: PASSED [] []
[2013-11-11 21:50:13] DependsTest::testFour.INFO: PASSED [] []
[2013-11-11 21:50:13] DependsTest::testFour.INFO: # Skipped # [] []
[2013-11-11 21:50:13] DependsTest::testFour.ALERT: Failed asserting that true is false. [] []
[2013-11-11 21:50:13] DependsTest::testFour.INFO: # FAILED # [] []
[2013-11-11 21:50:13] DependsTest::testFour.INFO: PASSED [] []
[2013-11-11 21:50:13] PassingTest::testMe.INFO: PASSED [] []
[2013-11-11 21:52:42] DataProvidersTest::testIsTriangle.INFO: PASSED [] []
[2013-11-11 21:52:42] DataProvidersTest::testIsTriangle.INFO: PASSED [] []
[2013-11-11 21:52:42] DataProvidersTest::testIsTriangle.INFO: PASSED [] []
[2013-11-11 21:52:42] DataProvidersTest::testIsTriangle.ALERT: Failed asserting that true is false. [] []
[2013-11-11 21:52:42] DataProvidersTest::testIsTriangle.INFO: # FAILED # [] []
[2013-11-11 21:52:42] DataProvidersTest::testIsTriangle.INFO: PASSED [] []
[2013-11-11 21:52:42] PassingTest::testMe.INFO: PASSED [] []
[2013-11-11 21:57:56] DataProvidersTest::testIsTriangle.INFO: PASSED [] []
[2013-11-11 21:57:56] DataProvidersTest::testIsTriangle.INFO: PASSED [] []
[2013-11-11 21:57:56] DataProvidersTest::testIsTriangle.INFO: PASSED [] []
[2013-11-11 21:57:56] DependsTest::testFour.INFO: PASSED [] []
[2013-11-11 21:57:56] DependsTest::testFour.ALERT: Failed asserting that true is false. [] []
[2013-11-11 21:57:56] DependsTest::testFour.INFO: # FAILED # [] []
[2013-11-11 21:57:56] DependsTest::testFour.INFO: PASSED [] []
[2013-11-11 21:57:56] PassingTest::testMe.INFO: PASSED [] []
[2013-11-11 22:00:44] DataProvidersTest::testIsTriangle.INFO: PASSED [] []
[2013-11-11 22:00:44] DataProvidersTest::testIsTriangle.INFO: PASSED [] []
[2013-11-11 22:00:44] DataProvidersTest::testIsTriangle.INFO: PASSED [] []
[2013-11-11 22:00:44] DependsTest::testThree.ALERT: Failed asserting that false is true. [] []
[2013-11-11 22:00:44] DependsTest::testThree.INFO: # FAILED # [] []
[2013-11-11 22:00:44] DependsTest::testThree.INFO: PASSED [] []
[2013-11-11 22:00:44] DependsTest::testFour.INFO: PASSED [] []
[2013-11-11 22:00:44] DependsTest::testFour.ALERT: Failed asserting that true is false. [] []
[2013-11-11 22:00:44] DependsTest::testFour.INFO: # FAILED # [] []
[2013-11-11 22:00:44] DependsTest::testFour.INFO: PASSED [] []
[2013-11-11 22:00:44] PassingTest::testMe.INFO: PASSED [] []
[2013-11-11 22:02:59] DataProvidersTest::testIsTriangle.INFO: PASSED [] []
[2013-11-11 22:02:59] DataProvidersTest::testIsTriangle.INFO: PASSED [] []
[2013-11-11 22:02:59] DataProvidersTest::testIsTriangle.INFO: PASSED [] []
[2013-11-11 22:02:59] DependsTest::testThree.ALERT: Failed asserting that false is true. [] []
[2013-11-11 22:02:59] DependsTest::testThree.INFO: # FAILED # [] []
[2013-11-11 22:02:59] DependsTest::testThree.INFO: PASSED [] []
[2013-11-11 22:02:59] DependsTest::testFour.INFO: PASSED [] []
[2013-11-11 22:02:59] DependsTest::testFour.ALERT: Failed asserting that true is false. [] []
[2013-11-11 22:02:59] DependsTest::testFour.INFO: # FAILED # [] []
[2013-11-11 22:02:59] DependsTest::testFour.INFO: PASSED [] []
[2013-11-11 22:02:59] PassingTest::testMe.INFO: PASSED [] []
[2013-11-11 22:04:42] DataProvidersTest::testIsTriangle.INFO: PASSED [] []
[2013-11-11 22:04:42] DataProvidersTest::testIsTriangle.INFO: PASSED [] []
[2013-11-11 22:04:42] DataProvidersTest::testIsTriangle.INFO: PASSED [] []
[2013-11-11 22:04:42] DependsTest::testThree.ALERT: Failed asserting that false is true. [] []
[2013-11-11 22:04:42] DependsTest::testThree.INFO: # FAILED # [] []
[2013-11-11 22:04:42] DependsTest::testThree.INFO: PASSED [] []
[2013-11-11 22:04:42] DependsTest::testFour.INFO: PASSED [] []
[2013-11-11 22:04:42] DependsTest::testFour.ALERT: Failed asserting that true is false. [] []
[2013-11-11 22:04:42] DependsTest::testFour.INFO: # FAILED # [] []
[2013-11-11 22:04:42] DependsTest::testFour.INFO: PASSED [] []
[2013-11-11 22:04:42] PassingTest::testMe.INFO: PASSED [] []
[2013-11-11 22:05:03] DataProvidersTest::testIsTriangle.INFO: PASSED [] []
[2013-11-11 22:05:03] DataProvidersTest::testIsTriangle.INFO: PASSED [] []
[2013-11-11 22:05:03] DataProvidersTest::testIsTriangle.INFO: PASSED [] []
[2013-11-11 22:05:03] DependsTest::testOne.ALERT: Failed asserting that false is true. [] []
[2013-11-11 22:05:03] DependsTest::testOne.INFO: # FAILED # [] []
[2013-11-11 22:05:03] DependsTest::testOne.INFO: PASSED [] []
[2013-11-11 22:05:03] DependsTest::testOne.INFO: # Skipped # [] []
[2013-11-11 22:05:03] DependsTest::testOne.ALERT: Failed asserting that true is false. [] []
[2013-11-11 22:05:03] DependsTest::testOne.INFO: # FAILED # [] []
[2013-11-11 22:05:03] DependsTest::testOne.INFO: PASSED [] []
[2013-11-11 22:05:03] PassingTest::testMe.INFO: PASSED [] []
[2013-11-11 22:09:03] DataProvidersTest::testIsTriangle.INFO: PASSED [] []
[2013-11-11 22:09:03] DataProvidersTest::testIsTriangle.INFO: PASSED [] []
[2013-11-11 22:09:03] DataProvidersTest::testIsTriangle.INFO: PASSED [] []
[2013-11-11 22:09:03] DependsTest::testOne.ALERT: Failed asserting that false is true. [] []
[2013-11-11 22:09:03] DependsTest::testOne.INFO: # FAILED # [] []
[2013-11-11 22:09:03] DependsTest::testOne.INFO: PASSED [] []
[2013-11-11 22:09:03] DependsTest::testOne.INFO: # Skipped # [] []
[2013-11-11 22:09:03] DependsTest::testOne.ALERT: Failed asserting that true is false. [] []
[2013-11-11 22:09:03] DependsTest::testOne.INFO: # FAILED # [] []
[2013-11-11 22:09:03] DependsTest::testOne.INFO: PASSED [] []
[2013-11-11 22:09:03] PassingTest::testMe.INFO: PASSED [] []
[2013-11-11 22:09:21] DataProvidersTest::testIsTriangle.INFO: PASSED [] []
[2013-11-11 22:09:21] DataProvidersTest::testIsTriangle.INFO: PASSED [] []
[2013-11-11 22:09:21] DataProvidersTest::testIsTriangle.INFO: PASSED [] []
[2013-11-11 22:09:21] DependsTest::testOne.ALERT: Failed asserting that false is true. [] []
[2013-11-11 22:09:21] DependsTest::testOne.INFO: # FAILED # [] []
[2013-11-11 22:09:21] DependsTest::testOne.INFO: PASSED [] []
[2013-11-11 22:09:21] DependsTest::testOne.INFO: # Skipped # [] []
[2013-11-11 22:09:21] DependsTest::testOne.ALERT: Failed asserting that true is false. [] []
[2013-11-11 22:09:21] DependsTest::testOne.INFO: # FAILED # [] []
[2013-11-11 22:09:21] DependsTest::testOne.INFO: PASSED [] []
[2013-11-11 22:09:21] PassingTest::testMe.INFO: PASSED [] []
[2013-11-11 22:48:09] DataProvidersTest::testIsTriangle.INFO: PASSED [] []
[2013-11-11 22:48:09] DataProvidersTest::testIsTriangle.INFO: PASSED [] []
[2013-11-11 22:48:09] DataProvidersTest::testIsTriangle.INFO: PASSED [] []
[2013-11-11 22:48:09] DependsTest::testOne.ALERT: Failed asserting that false is true. [] []
[2013-11-11 22:48:09] DependsTest::testOne.INFO: # FAILED # [] []
[2013-11-11 22:48:09] DependsTest::testOne.INFO: PASSED [] []
[2013-11-11 22:48:09] DependsTest::testOne.INFO: # Skipped # [] []
[2013-11-11 22:48:09] DependsTest::testOne.ALERT: Failed asserting that true is false. [] []
[2013-11-11 22:48:09] DependsTest::testOne.INFO: # FAILED # [] []
[2013-11-11 22:48:09] DependsTest::testOne.INFO: PASSED [] []
[2013-11-11 22:48:09] PassingTest::testMe.INFO: PASSED [] []
[2013-11-11 22:48:18] DataProvidersTest::testIsTriangle.INFO: PASSED [] []
[2013-11-11 22:48:18] DataProvidersTest::testIsTriangle.INFO: PASSED [] []
[2013-11-11 22:48:18] DataProvidersTest::testIsTriangle.INFO: PASSED [] []
[2013-11-11 22:48:18] DependsTest::testOne.ALERT: Failed asserting that false is true. [] []
[2013-11-11 22:48:18] DependsTest::testOne.INFO: # FAILED # [] []
[2013-11-11 22:48:19] DependsTest::testOne.INFO: PASSED [] []
[2013-11-11 22:48:19] DependsTest::testOne.INFO: # Skipped # [] []
[2013-11-11 22:48:19] DependsTest::testOne.ALERT: Failed asserting that true is false. [] []
[2013-11-11 22:48:19] DependsTest::testOne.INFO: # FAILED # [] []
[2013-11-11 22:48:19] DependsTest::testOne.INFO: PASSED [] []
[2013-11-11 22:48:19] PassingTest::testMe.INFO: PASSED [] []
[2013-11-11 22:49:46] DataProvidersTest::testIsTriangle.INFO: PASSED [] []
[2013-11-11 22:49:46] DataProvidersTest::testIsTriangle.INFO: PASSED [] []
[2013-11-11 22:49:46] DataProvidersTest::testIsTriangle.INFO: PASSED [] []
[2013-11-11 22:49:46] DependsTest::testOne.ALERT: Failed asserting that false is true. [] []
[2013-11-11 22:49:46] DependsTest::testOne.INFO: # FAILED # [] []
[2013-11-11 22:50:53] DataProvidersTest::testIsTriangle.INFO: PASSED [] []
[2013-11-11 22:50:53] DataProvidersTest::testIsTriangle.INFO: PASSED [] []
[2013-11-11 22:50:53] DataProvidersTest::testIsTriangle.INFO: PASSED [] []
[2013-11-11 22:50:53] DependsTest::testOne.ALERT: Failed asserting that false is true. [] []
[2013-11-11 22:50:53] DependsTest::testOne.INFO: # FAILED # [] []
[2013-11-11 22:51:15] DataProvidersTest::testIsTriangle.INFO: PASSED [] []
[2013-11-11 22:51:15] DataProvidersTest::testIsTriangle.INFO: PASSED [] []
[2013-11-11 22:51:15] DataProvidersTest::testIsTriangle.INFO: PASSED [] []
[2013-11-11 22:51:15] DependsTest::testOne.ALERT: Failed asserting that false is true. [] []
[2013-11-11 22:51:15] DependsTest::testOne.INFO: # FAILED # [] []
[2013-11-11 22:51:15] DependsTest::testOne.INFO: PASSED [] []
[2013-11-11 22:51:15] DependsTest::testOne.INFO: # Skipped # [] []
[2013-11-11 22:51:15] DependsTest::testOne.ALERT: Failed asserting that true is false. [] []
[2013-11-11 22:51:15] DependsTest::testOne.INFO: # FAILED # [] []
[2013-11-11 22:51:15] DependsTest::testOne.INFO: PASSED [] []
[2013-11-11 22:51:15] PassingTest::testMe.INFO: PASSED [] []
[2013-11-11 22:52:11] DataProvidersTest::testIsTriangle.INFO: PASSED [] []
[2013-11-11 22:52:11] DataProvidersTest::testIsTriangle.INFO: PASSED [] []
[2013-11-11 22:52:11] DataProvidersTest::testIsTriangle.INFO: PASSED [] []
[2013-11-11 22:52:11] DependsTest::testOne.ALERT: Failed asserting that false is true. [] []
[2013-11-11 22:52:11] DependsTest::testOne.INFO: # FAILED # [] []
[2013-11-11 22:52:11] DependsTest::testOne.INFO: PASSED [] []
[2013-11-11 22:52:11] DependsTest::testOne.INFO: # Skipped # [] []
[2013-11-11 22:52:11] DependsTest::testOne.ALERT: Failed asserting that true is false. [] []
[2013-11-11 22:52:11] DependsTest::testOne.INFO: # FAILED # [] []
[2013-11-11 22:52:11] DependsTest::testOne.INFO: PASSED [] []
[2013-11-11 22:52:11] PassingTest::testMe.INFO: PASSED [] []
[2013-11-11 22:52:16] DataProvidersTest::testIsTriangle.INFO: PASSED [] []
[2013-11-11 22:52:16] DataProvidersTest::testIsTriangle.INFO: PASSED [] []
[2013-11-11 22:52:16] DataProvidersTest::testIsTriangle.INFO: PASSED [] []
[2013-11-11 22:52:16] DependsTest::testOne.ALERT: Failed asserting that false is true. [] []
[2013-11-11 22:52:16] DependsTest::testOne.INFO: # FAILED # [] []
[2013-11-11 22:52:16] DependsTest::testOne.INFO: PASSED [] []
[2013-11-11 22:52:16] DependsTest::testOne.INFO: # Skipped # [] []
[2013-11-11 22:52:16] DependsTest::testOne.ALERT: Failed asserting that true is false. [] []
[2013-11-11 22:52:16] DependsTest::testOne.INFO: # FAILED # [] []
[2013-11-11 22:52:16] DependsTest::testOne.INFO: PASSED [] []
[2013-11-11 22:52:16] PassingTest::testMe.INFO: PASSED [] []
[2013-11-11 22:52:44] DataProvidersTest::testIsTriangle.INFO: PASSED [] []
[2013-11-11 22:52:44] DataProvidersTest::testIsTriangle.INFO: PASSED [] []
[2013-11-11 22:52:44] DataProvidersTest::testIsTriangle.INFO: PASSED [] []
[2013-11-11 22:52:44] DependsTest::testOne.ALERT: Failed asserting that false is true. [] []
[2013-11-11 22:52:44] DependsTest::testOne.INFO: # FAILED # [] []
[2013-11-11 22:52:44] DependsTest::testOne.INFO: PASSED [] []
[2013-11-11 22:52:44] DependsTest::testOne.INFO: # Skipped # [] []
[2013-11-11 22:52:44] DependsTest::testOne.ALERT: Failed asserting that true is false. [] []
[2013-11-11 22:52:44] DependsTest::testOne.INFO: # FAILED # [] []
[2013-11-11 22:52:44] DependsTest::testOne.INFO: PASSED [] []
[2013-11-11 22:52:44] PassingTest::testMe.INFO: PASSED [] []
[2013-11-11 22:52:52] DataProvidersTest::testIsTriangle.INFO: PASSED [] []
[2013-11-11 22:52:52] DataProvidersTest::testIsTriangle.INFO: PASSED [] []
[2013-11-11 22:52:52] DataProvidersTest::testIsTriangle.INFO: PASSED [] []
[2013-11-11 22:52:52] DependsTest::testOne.ALERT: Failed asserting that false is true. [] []
[2013-11-11 22:52:52] DependsTest::testOne.INFO: # FAILED # [] []
[2013-11-11 22:52:52] DependsTest::testOne.INFO: PASSED [] []
[2013-11-11 22:52:52] DependsTest::testOne.INFO: # Skipped # [] []
[2013-11-11 22:52:52] DependsTest::testOne.ALERT: Failed asserting that true is false. [] []
[2013-11-11 22:52:52] DependsTest::testOne.INFO: # FAILED # [] []
[2013-11-11 22:52:52] DependsTest::testOne.INFO: PASSED [] []
[2013-11-11 22:52:52] PassingTest::testMe.INFO: PASSED [] []
[2013-11-11 22:53:14] DataProvidersTest::testIsTriangle.INFO: PASSED [] []
[2013-11-11 22:53:14] DataProvidersTest::testIsTriangle.INFO: PASSED [] []
[2013-11-11 22:53:14] DataProvidersTest::testIsTriangle.INFO: PASSED [] []
[2013-11-11 22:53:14] DependsTest::testOne.ALERT: Failed asserting that false is true. [] []
[2013-11-11 22:53:14] DependsTest::testOne.INFO: # FAILED # [] []
[2013-11-11 22:53:14] DependsTest::testOne.INFO: PASSED [] []
[2013-11-11 22:53:14] DependsTest::testOne.INFO: # Skipped # [] []
[2013-11-11 22:53:14] DependsTest::testOne.ALERT: Failed asserting that true is false. [] []
[2013-11-11 22:53:14] DependsTest::testOne.INFO: # FAILED # [] []
[2013-11-11 22:53:14] DependsTest::testOne.INFO: PASSED [] []
[2013-11-11 22:53:14] PassingTest::testMe.INFO: PASSED [] []
[2013-11-11 22:54:02] DataProvidersTest::testIsTriangle.INFO: PASSED [] []
[2013-11-11 22:54:02] DataProvidersTest::testIsTriangle.INFO: PASSED [] []
[2013-11-11 22:54:02] DataProvidersTest::testIsTriangle.INFO: PASSED [] []
[2013-11-11 22:54:02] DependsTest::testOne.ALERT: Failed asserting that false is true. [] []
[2013-11-11 22:54:02] DependsTest::testOne.INFO: # FAILED # [] []
[2013-11-11 22:54:02] DependsTest::testOne.INFO: PASSED [] []
[2013-11-11 22:54:02] DependsTest::testOne.INFO: # Skipped # [] []
[2013-11-11 22:54:02] DependsTest::testOne.ALERT: Failed asserting that true is false. [] []
[2013-11-11 22:54:02] DependsTest::testOne.INFO: # FAILED # [] []
[2013-11-11 22:54:02] DependsTest::testOne.INFO: PASSED [] []
[2013-11-11 22:54:02] PassingTest::testMe.INFO: PASSED [] []
[2013-11-11 22:55:04] DataProvidersTest::testIsTriangle.INFO: PASSED [] []
[2013-11-11 22:55:04] DataProvidersTest::testIsTriangle.INFO: PASSED [] []
[2013-11-11 22:55:04] DataProvidersTest::testIsTriangle.INFO: PASSED [] []
[2013-11-11 22:55:04] DependsTest::testOne.ALERT: Failed asserting that false is true. [] []
[2013-11-11 22:55:04] DependsTest::testOne.INFO: # FAILED # [] []
[2013-11-11 22:55:04] DependsTest::testOne.INFO: PASSED [] []
[2013-11-11 22:55:04] DependsTest::testOne.INFO: # Skipped # [] []
[2013-11-11 22:55:04] DependsTest::testOne.ALERT: Failed asserting that true is false. [] []
[2013-11-11 22:55:04] DependsTest::testOne.INFO: # FAILED # [] []
[2013-11-11 22:55:04] DependsTest::testOne.INFO: PASSED [] []
[2013-11-11 22:55:04] PassingTest::testMe.INFO: PASSED [] []
[2013-11-11 22:55:28] DataProvidersTest::testIsTriangle.INFO: PASSED [] []
[2013-11-11 22:55:28] DataProvidersTest::testIsTriangle.INFO: PASSED [] []
[2013-11-11 22:55:28] DataProvidersTest::testIsTriangle.INFO: PASSED [] []
[2013-11-11 22:55:28] DependsTest::testOne.ALERT: Failed asserting that false is true. [] []
[2013-11-11 22:55:28] DependsTest::testOne.INFO: # FAILED # [] []
[2013-11-11 22:55:28] DependsTest::testOne.INFO: PASSED [] []
[2013-11-11 22:55:28] DependsTest::testOne.INFO: # Skipped # [] []
[2013-11-11 22:55:28] DependsTest::testOne.ALERT: Failed asserting that true is false. [] []
[2013-11-11 22:55:28] DependsTest::testOne.INFO: # FAILED # [] []
[2013-11-11 22:55:28] DependsTest::testOne.INFO: PASSED [] []
[2013-11-11 22:55:28] PassingTest::testMe.INFO: PASSED [] []
[2013-11-11 22:55:32] DataProvidersTest::testIsTriangle.INFO: PASSED [] []
[2013-11-11 22:55:32] DataProvidersTest::testIsTriangle.INFO: PASSED [] []
[2013-11-11 22:55:32] DataProvidersTest::testIsTriangle.INFO: PASSED [] []
[2013-11-11 22:55:32] DependsTest::testOne.ALERT: Failed asserting that false is true. [] []
[2013-11-11 22:55:32] DependsTest::testOne.INFO: # FAILED # [] []
[2013-11-11 22:55:32] DependsTest::testOne.INFO: PASSED [] []
[2013-11-11 22:55:32] DependsTest::testOne.INFO: # Skipped # [] []
[2013-11-11 22:55:32] DependsTest::testOne.ALERT: Failed asserting that true is false. [] []
[2013-11-11 22:55:32] DependsTest::testOne.INFO: # FAILED # [] []
[2013-11-11 22:55:32] DependsTest::testOne.INFO: PASSED [] []
[2013-11-11 22:55:32] PassingTest::testMe.INFO: PASSED [] []
[2013-11-11 22:55:45] DataProvidersTest::testIsTriangle.INFO: PASSED [] []
[2013-11-11 22:55:45] DataProvidersTest::testIsTriangle.INFO: PASSED [] []
[2013-11-11 22:55:45] DataProvidersTest::testIsTriangle.INFO: PASSED [] []
[2013-11-11 22:55:45] DependsTest::testOne.ALERT: Failed asserting that false is true. [] []
[2013-11-11 22:55:45] DependsTest::testOne.INFO: # FAILED # [] []
[2013-11-11 22:55:45] DependsTest::testOne.INFO: PASSED [] []
[2013-11-11 22:55:45] DependsTest::testOne.INFO: # Skipped # [] []
[2013-11-11 22:55:45] DependsTest::testOne.ALERT: Failed asserting that true is false. [] []
[2013-11-11 22:55:45] DependsTest::testOne.INFO: # FAILED # [] []
[2013-11-11 22:55:45] DependsTest::testOne.INFO: PASSED [] []
[2013-11-11 22:55:45] PassingTest::testMe.INFO: PASSED [] []
[2013-11-11 22:56:00] DataProvidersTest::testIsTriangle.INFO: PASSED [] []
[2013-11-11 22:56:00] DataProvidersTest::testIsTriangle.INFO: PASSED [] []
[2013-11-11 22:56:00] DataProvidersTest::testIsTriangle.INFO: PASSED [] []
[2013-11-11 22:56:00] DependsTest::testOne.ALERT: Failed asserting that false is true. [] []
[2013-11-11 22:56:00] DependsTest::testOne.INFO: # FAILED # [] []
[2013-11-11 22:56:00] DependsTest::testOne.INFO: PASSED [] []
[2013-11-11 22:56:00] DependsTest::testOne.INFO: # Skipped # [] []
[2013-11-11 22:56:00] DependsTest::testOne.ALERT: Failed asserting that true is false. [] []
[2013-11-11 22:56:00] DependsTest::testOne.INFO: # FAILED # [] []
[2013-11-11 22:56:00] DependsTest::testOne.INFO: PASSED [] []
[2013-11-11 22:56:00] PassingTest::testMe.INFO: PASSED [] []
[2013-11-11 22:56:19] DataProvidersTest::testIsTriangle.INFO: PASSED [] []
[2013-11-11 22:56:19] DataProvidersTest::testIsTriangle.INFO: PASSED [] []
[2013-11-11 22:56:19] DataProvidersTest::testIsTriangle.INFO: PASSED [] []
[2013-11-11 22:56:19] DependsTest::testOne.ALERT: Failed asserting that false is true. [] []
[2013-11-11 22:56:19] DependsTest::testOne.INFO: # FAILED # [] []
[2013-11-11 22:56:32] DataProvidersTest::testIsTriangle.INFO: PASSED [] []
[2013-11-11 22:56:32] DataProvidersTest::testIsTriangle.INFO: PASSED [] []
[2013-11-11 22:56:32] DataProvidersTest::testIsTriangle.INFO: PASSED [] []
[2013-11-11 22:56:32] DependsTest::testOne.ALERT: Failed asserting that false is true. [] []
[2013-11-11 22:56:32] DependsTest::testOne.INFO: # FAILED # [] []
[2013-11-11 22:56:32] DependsTest::testOne.INFO: PASSED [] []
[2013-11-11 22:56:32] DependsTest::testOne.INFO: # Skipped # [] []
[2013-11-11 22:56:32] DependsTest::testOne.ALERT: Failed asserting that true is false. [] []
[2013-11-11 22:56:32] DependsTest::testOne.INFO: # FAILED # [] []
[2013-11-11 22:56:32] DependsTest::testOne.INFO: PASSED [] []
[2013-11-11 22:56:32] PassingTest::testMe.INFO: PASSED [] []
[2013-11-11 22:56:37] DataProvidersTest::testIsTriangle.INFO: PASSED [] []
[2013-11-11 22:56:37] DataProvidersTest::testIsTriangle.INFO: PASSED [] []
[2013-11-11 22:56:37] DataProvidersTest::testIsTriangle.INFO: PASSED [] []
[2013-11-11 22:56:37] DependsTest::testOne.ALERT: Failed asserting that false is true. [] []
[2013-11-11 22:56:37] DependsTest::testOne.INFO: # FAILED # [] []
[2013-11-11 22:56:37] DependsTest::testOne.INFO: PASSED [] []
[2013-11-11 22:56:37] DependsTest::testOne.INFO: # Skipped # [] []
[2013-11-11 22:56:37] DependsTest::testOne.ALERT: Failed asserting that true is false. [] []
[2013-11-11 22:56:37] DependsTest::testOne.INFO: # FAILED # [] []
[2013-11-11 22:56:37] DependsTest::testOne.INFO: PASSED [] []
[2013-11-11 22:56:37] PassingTest::testMe.INFO: PASSED [] []
[2013-11-11 22:57:16] DataProvidersTest::testIsTriangle.INFO: PASSED [] []
[2013-11-11 22:57:16] DataProvidersTest::testIsTriangle.INFO: PASSED [] []
[2013-11-11 22:57:16] DataProvidersTest::testIsTriangle.INFO: PASSED [] []
[2013-11-11 22:57:16] DependsTest::testOne.ALERT: Failed asserting that false is true. [] []
[2013-11-11 22:57:16] DependsTest::testOne.INFO: # FAILED # [] []
[2013-11-11 22:57:16] DependsTest::testOne.INFO: PASSED [] []
[2013-11-11 22:57:16] DependsTest::testOne.INFO: # Skipped # [] []
[2013-11-11 22:57:16] DependsTest::testOne.ALERT: Failed asserting that true is false. [] []
[2013-11-11 22:57:16] DependsTest::testOne.INFO: # FAILED # [] []
[2013-11-11 22:57:16] DependsTest::testOne.INFO: PASSED [] []
[2013-11-11 22:57:16] PassingTest::testMe.INFO: PASSED [] []
[2013-11-11 22:57:30] DataProvidersTest::testIsTriangle.INFO: PASSED [] []
[2013-11-11 22:57:30] DataProvidersTest::testIsTriangle.INFO: PASSED [] []
[2013-11-11 22:57:30] DataProvidersTest::testIsTriangle.INFO: PASSED [] []
[2013-11-11 22:57:30] DependsTest::testOne.ALERT: Failed asserting that false is true. [] []
[2013-11-11 22:57:30] DependsTest::testOne.INFO: # FAILED # [] []
[2013-11-11 22:57:30] DependsTest::testOne.INFO: PASSED [] []
[2013-11-11 22:57:30] DependsTest::testOne.INFO: # Skipped # [] []
[2013-11-11 22:57:30] DependsTest::testOne.ALERT: Failed asserting that true is false. [] []
[2013-11-11 22:57:30] DependsTest::testOne.INFO: # FAILED # [] []
[2013-11-11 22:57:30] DependsTest::testOne.INFO: PASSED [] []
[2013-11-11 22:57:30] PassingTest::testMe.INFO: PASSED [] []
[2013-11-11 22:57:32] DataProvidersTest::testIsTriangle.INFO: PASSED [] []
[2013-11-11 22:57:32] DataProvidersTest::testIsTriangle.INFO: PASSED [] []
[2013-11-11 22:57:32] DataProvidersTest::testIsTriangle.INFO: PASSED [] []
[2013-11-11 22:57:32] DependsTest::testOne.ALERT: Failed asserting that false is true. [] []
[2013-11-11 22:57:32] DependsTest::testOne.INFO: # FAILED # [] []
[2013-11-11 22:57:32] DependsTest::testOne.INFO: PASSED [] []
[2013-11-11 22:57:32] DependsTest::testOne.INFO: # Skipped # [] []
[2013-11-11 22:57:32] DependsTest::testOne.ALERT: Failed asserting that true is false. [] []
[2013-11-11 22:57:32] DependsTest::testOne.INFO: # FAILED # [] []
[2013-11-11 22:57:32] DependsTest::testOne.INFO: PASSED [] []
[2013-11-11 22:57:32] PassingTest::testMe.INFO: PASSED [] []
[2013-11-11 22:57:36] DataProvidersTest::testIsTriangle.INFO: PASSED [] []
[2013-11-11 22:57:36] DataProvidersTest::testIsTriangle.INFO: PASSED [] []
[2013-11-11 22:57:36] DataProvidersTest::testIsTriangle.INFO: PASSED [] []
[2013-11-11 22:57:36] DependsTest::testOne.ALERT: Failed asserting that false is true. [] []
[2013-11-11 22:57:36] DependsTest::testOne.INFO: # FAILED # [] []
[2013-11-11 22:57:36] DependsTest::testOne.INFO: PASSED [] []
[2013-11-11 22:57:36] DependsTest::testOne.INFO: # Skipped # [] []
[2013-11-11 22:57:36] DependsTest::testOne.ALERT: Failed asserting that true is false. [] []
[2013-11-11 22:57:36] DependsTest::testOne.INFO: # FAILED # [] []
[2013-11-11 22:57:36] DependsTest::testOne.INFO: PASSED [] []
[2013-11-11 22:57:36] PassingTest::testMe.INFO: PASSED [] []
[2013-11-11 22:57:39] DataProvidersTest::testIsTriangle.INFO: PASSED [] []
[2013-11-11 22:57:39] DataProvidersTest::testIsTriangle.INFO: PASSED [] []
[2013-11-11 22:57:39] DataProvidersTest::testIsTriangle.INFO: PASSED [] []
[2013-11-11 22:57:39] DependsTest::testOne.ALERT: Failed asserting that false is true. [] []
[2013-11-11 22:57:39] DependsTest::testOne.INFO: # FAILED # [] []
[2013-11-11 22:57:39] DependsTest::testOne.INFO: PASSED [] []
[2013-11-11 22:57:39] DependsTest::testOne.INFO: # Skipped # [] []
[2013-11-11 22:57:39] DependsTest::testOne.ALERT: Failed asserting that true is false. [] []
[2013-11-11 22:57:39] DependsTest::testOne.INFO: # FAILED # [] []
[2013-11-11 22:57:39] DependsTest::testOne.INFO: PASSED [] []
[2013-11-11 22:57:39] PassingTest::testMe.INFO: PASSED [] []
[2013-11-11 22:57:43] DataProvidersTest::testIsTriangle.INFO: PASSED [] []
[2013-11-11 22:57:43] DataProvidersTest::testIsTriangle.INFO: PASSED [] []
[2013-11-11 22:57:43] DataProvidersTest::testIsTriangle.INFO: PASSED [] []
[2013-11-11 22:57:43] DependsTest::testOne.ALERT: Failed asserting that false is true. [] []
[2013-11-11 22:57:43] DependsTest::testOne.INFO: # FAILED # [] []
[2013-11-11 22:57:43] DependsTest::testOne.INFO: PASSED [] []
[2013-11-11 22:57:43] DependsTest::testOne.INFO: # Skipped # [] []
[2013-11-11 22:57:43] DependsTest::testOne.ALERT: Failed asserting that true is false. [] []
[2013-11-11 22:57:43] DependsTest::testOne.INFO: # FAILED # [] []
[2013-11-11 22:57:43] DependsTest::testOne.INFO: PASSED [] []
[2013-11-11 22:57:43] PassingTest::testMe.INFO: PASSED [] []
[2013-11-11 22:57:53] DataProvidersTest::testIsTriangle.INFO: PASSED [] []
[2013-11-11 22:57:53] DataProvidersTest::testIsTriangle.INFO: PASSED [] []
[2013-11-11 22:57:53] DataProvidersTest::testIsTriangle.INFO: PASSED [] []
[2013-11-11 22:57:53] DependsTest::testOne.ALERT: Failed asserting that false is true. [] []
[2013-11-11 22:57:53] DependsTest::testOne.INFO: # FAILED # [] []
[2013-11-11 22:57:53] DependsTest::testOne.INFO: PASSED [] []
[2013-11-11 22:57:53] DependsTest::testOne.INFO: # Skipped # [] []
[2013-11-11 22:57:53] DependsTest::testOne.ALERT: Failed asserting that true is false. [] []
[2013-11-11 22:57:53] DependsTest::testOne.INFO: # FAILED # [] []
[2013-11-11 22:57:53] DependsTest::testOne.INFO: PASSED [] []
[2013-11-11 22:57:53] PassingTest::testMe.INFO: PASSED [] []
[2013-11-11 22:58:02] DataProvidersTest::testIsTriangle.INFO: PASSED [] []
[2013-11-11 22:58:02] DataProvidersTest::testIsTriangle.INFO: PASSED [] []
[2013-11-11 22:58:02] DataProvidersTest::testIsTriangle.INFO: PASSED [] []
[2013-11-11 22:58:02] DependsTest::testOne.ALERT: Failed asserting that false is true. [] []
[2013-11-11 22:58:02] DependsTest::testOne.INFO: # FAILED # [] []
[2013-11-11 22:58:02] DependsTest::testOne.INFO: PASSED [] []
[2013-11-11 22:58:02] DependsTest::testOne.INFO: # Skipped # [] []
[2013-11-11 22:58:02] DependsTest::testOne.ALERT: Failed asserting that true is false. [] []
[2013-11-11 22:58:02] DependsTest::testOne.INFO: # FAILED # [] []
[2013-11-11 22:58:02] DependsTest::testOne.INFO: PASSED [] []
[2013-11-11 22:58:02] PassingTest::testMe.INFO: PASSED [] []
[2013-11-11 22:59:18] DataProvidersTest::testIsTriangle.INFO: PASSED [] []
[2013-11-11 22:59:18] DataProvidersTest::testIsTriangle.INFO: PASSED [] []
[2013-11-11 22:59:18] DataProvidersTest::testIsTriangle.INFO: PASSED [] []
[2013-11-11 22:59:18] DependsTest::testOne.ALERT: Failed asserting that false is true. [] []
[2013-11-11 22:59:18] DependsTest::testOne.INFO: # FAILED # [] []
[2013-11-11 22:59:18] DependsTest::testOne.INFO: PASSED [] []
[2013-11-11 22:59:18] DependsTest::testOne.INFO: # Skipped # [] []
[2013-11-11 22:59:18] DependsTest::testOne.ALERT: Failed asserting that true is false. [] []
[2013-11-11 22:59:18] DependsTest::testOne.INFO: # FAILED # [] []
[2013-11-11 22:59:18] DependsTest::testOne.INFO: PASSED [] []
[2013-11-11 22:59:18] PassingTest::testMe.INFO: PASSED [] []
[2013-11-11 22:59:24] DataProvidersTest::testIsTriangle.INFO: PASSED [] []
[2013-11-11 22:59:24] DataProvidersTest::testIsTriangle.INFO: PASSED [] []
[2013-11-11 22:59:24] DataProvidersTest::testIsTriangle.INFO: PASSED [] []
[2013-11-11 22:59:24] DependsTest::testOne.ALERT: Failed asserting that false is true. [] []
[2013-11-11 22:59:24] DependsTest::testOne.INFO: # FAILED # [] []
[2013-11-11 22:59:24] DependsTest::testOne.INFO: PASSED [] []
[2013-11-11 22:59:24] DependsTest::testOne.INFO: # Skipped # [] []
[2013-11-11 22:59:24] DependsTest::testOne.ALERT: Failed asserting that true is false. [] []
[2013-11-11 22:59:24] DependsTest::testOne.INFO: # FAILED # [] []
[2013-11-11 22:59:24] DependsTest::testOne.INFO: PASSED [] []
[2013-11-11 22:59:24] PassingTest::testMe.INFO: PASSED [] []
[2013-11-11 22:59:28] DataProvidersTest::testIsTriangle.INFO: PASSED [] []
[2013-11-11 22:59:28] DataProvidersTest::testIsTriangle.INFO: PASSED [] []
[2013-11-11 22:59:28] DataProvidersTest::testIsTriangle.INFO: PASSED [] []
[2013-11-11 22:59:28] DependsTest::testOne.ALERT: Failed asserting that false is true. [] []
[2013-11-11 22:59:28] DependsTest::testOne.INFO: # FAILED # [] []
[2013-11-11 22:59:28] DependsTest::testOne.INFO: PASSED [] []
[2013-11-11 22:59:28] DependsTest::testOne.INFO: # Skipped # [] []
[2013-11-11 22:59:28] DependsTest::testOne.ALERT: Failed asserting that true is false. [] []
[2013-11-11 22:59:28] DependsTest::testOne.INFO: # FAILED # [] []
[2013-11-11 22:59:28] DependsTest::testOne.INFO: PASSED [] []
[2013-11-11 22:59:28] PassingTest::testMe.INFO: PASSED [] []
[2013-11-11 22:59:42] DataProvidersTest::testIsTriangle.INFO: PASSED [] []
[2013-11-11 22:59:42] DataProvidersTest::testIsTriangle.INFO: PASSED [] []
[2013-11-11 22:59:42] DataProvidersTest::testIsTriangle.INFO: PASSED [] []
[2013-11-11 22:59:42] DependsTest::testOne.ALERT: Failed asserting that false is true. [] []
[2013-11-11 22:59:42] DependsTest::testOne.INFO: # FAILED # [] []
[2013-11-11 22:59:42] DependsTest::testOne.INFO: PASSED [] []
[2013-11-11 22:59:42] DependsTest::testOne.INFO: # Skipped # [] []
[2013-11-11 22:59:42] DependsTest::testOne.ALERT: Failed asserting that true is false. [] []
[2013-11-11 22:59:42] DependsTest::testOne.INFO: # FAILED # [] []
[2013-11-11 22:59:42] DependsTest::testOne.INFO: PASSED [] []
[2013-11-11 22:59:42] PassingTest::testMe.INFO: PASSED [] []
[2013-11-11 23:00:34] DataProvidersTest::testIsTriangle.INFO: PASSED [] []
[2013-11-11 23:00:34] DataProvidersTest::testIsTriangle.INFO: PASSED [] []
[2013-11-11 23:00:34] DataProvidersTest::testIsTriangle.INFO: PASSED [] []
[2013-11-11 23:00:34] DependsTest::testOne.ALERT: Failed asserting that false is true. [] []
[2013-11-11 23:00:34] DependsTest::testOne.INFO: # FAILED # [] []
[2013-11-11 23:00:34] DependsTest::testOne.INFO: PASSED [] []
[2013-11-11 23:00:34] DependsTest::testOne.INFO: # Skipped # [] []
[2013-11-11 23:00:34] DependsTest::testOne.ALERT: Failed asserting that true is false. [] []
[2013-11-11 23:00:34] DependsTest::testOne.INFO: # FAILED # [] []
[2013-11-11 23:00:34] DependsTest::testOne.INFO: PASSED [] []
[2013-11-11 23:00:34] PassingTest::testMe.INFO: PASSED [] []
[2013-11-11 23:01:21] DataProvidersTest::testIsTriangle.INFO: PASSED [] []
[2013-11-11 23:01:21] DataProvidersTest::testIsTriangle.INFO: PASSED [] []
[2013-11-11 23:01:21] DataProvidersTest::testIsTriangle.INFO: PASSED [] []
[2013-11-11 23:01:21] DependsTest::testOne.ALERT: Failed asserting that false is true. [] []
[2013-11-11 23:01:21] DependsTest::testOne.INFO: # FAILED # [] []
[2013-11-11 23:01:21] DependsTest::testOne.INFO: PASSED [] []
[2013-11-11 23:01:21] DependsTest::testOne.INFO: # Skipped # [] []
[2013-11-11 23:01:21] DependsTest::testOne.ALERT: Failed asserting that true is false. [] []
[2013-11-11 23:01:21] DependsTest::testOne.INFO: # FAILED # [] []
[2013-11-11 23:01:21] DependsTest::testOne.INFO: PASSED [] []
[2013-11-11 23:01:21] PassingTest::testMe.INFO: PASSED [] []
[2013-11-11 23:02:03] DataProvidersTest::testIsTriangle.INFO: PASSED [] []
[2013-11-11 23:02:03] DataProvidersTest::testIsTriangle.INFO: PASSED [] []
[2013-11-11 23:02:03] DataProvidersTest::testIsTriangle.INFO: PASSED [] []
[2013-11-11 23:02:03] DependsTest::testOne.ALERT: Failed asserting that false is true. [] []
[2013-11-11 23:02:03] DependsTest::testOne.INFO: # FAILED # [] []
[2013-11-11 23:02:03] DependsTest::testOne.INFO: PASSED [] []
[2013-11-11 23:02:03] DependsTest::testOne.INFO: # Skipped # [] []
[2013-11-11 23:02:03] DependsTest::testOne.ALERT: Failed asserting that true is false. [] []
[2013-11-11 23:02:03] DependsTest::testOne.INFO: # FAILED # [] []
[2013-11-11 23:02:03] DependsTest::testOne.INFO: PASSED [] []
[2013-11-11 23:02:03] PassingTest::testMe.INFO: PASSED [] []
[2013-11-11 23:02:10] DataProvidersTest::testIsTriangle.INFO: PASSED [] []
[2013-11-11 23:02:10] DataProvidersTest::testIsTriangle.INFO: PASSED [] []
[2013-11-11 23:02:10] DataProvidersTest::testIsTriangle.INFO: PASSED [] []
[2013-11-11 23:02:10] DependsTest::testOne.ALERT: Failed asserting that false is true. [] []
[2013-11-11 23:02:10] DependsTest::testOne.INFO: # FAILED # [] []
[2013-11-11 23:02:10] DependsTest::testOne.INFO: PASSED [] []
[2013-11-11 23:02:10] DependsTest::testOne.INFO: # Skipped # [] []
[2013-11-11 23:02:10] DependsTest::testOne.ALERT: Failed asserting that true is false. [] []
[2013-11-11 23:02:10] DependsTest::testOne.INFO: # FAILED # [] []
[2013-11-11 23:02:10] DependsTest::testOne.INFO: PASSED [] []
[2013-11-11 23:02:10] PassingTest::testMe.INFO: PASSED [] []
[2013-11-11 23:02:13] DataProvidersTest::testIsTriangle.INFO: PASSED [] []
[2013-11-11 23:02:13] DataProvidersTest::testIsTriangle.INFO: PASSED [] []
[2013-11-11 23:02:13] DataProvidersTest::testIsTriangle.INFO: PASSED [] []
[2013-11-11 23:02:13] DependsTest::testOne.ALERT: Failed asserting that false is true. [] []
[2013-11-11 23:02:13] DependsTest::testOne.INFO: # FAILED # [] []
[2013-11-11 23:02:13] DependsTest::testOne.INFO: PASSED [] []
[2013-11-11 23:02:13] DependsTest::testOne.INFO: # Skipped # [] []
[2013-11-11 23:02:13] DependsTest::testOne.ALERT: Failed asserting that true is false. [] []
[2013-11-11 23:02:13] DependsTest::testOne.INFO: # FAILED # [] []
[2013-11-11 23:02:13] DependsTest::testOne.INFO: PASSED [] []
[2013-11-11 23:02:13] PassingTest::testMe.INFO: PASSED [] []
[2013-11-11 23:02:40] DataProvidersTest::testIsTriangle.INFO: PASSED [] []
[2013-11-11 23:02:40] DataProvidersTest::testIsTriangle.INFO: PASSED [] []
[2013-11-11 23:02:40] DataProvidersTest::testIsTriangle.INFO: PASSED [] []
[2013-11-11 23:02:40] DependsTest::testOne.ALERT: Failed asserting that false is true. [] []
[2013-11-11 23:02:40] DependsTest::testOne.INFO: # FAILED # [] []
[2013-11-11 23:02:40] DependsTest::testOne.INFO: PASSED [] []
[2013-11-11 23:02:40] DependsTest::testOne.INFO: # Skipped # [] []
[2013-11-11 23:02:40] DependsTest::testOne.ALERT: Failed asserting that true is false. [] []
[2013-11-11 23:02:40] DependsTest::testOne.INFO: # FAILED # [] []
[2013-11-11 23:02:40] DependsTest::testOne.INFO: PASSED [] []
[2013-11-11 23:02:40] PassingTest::testMe.INFO: PASSED [] []
[2013-11-11 23:02:49] DataProvidersTest::testIsTriangle.INFO: PASSED [] []
[2013-11-11 23:02:49] DataProvidersTest::testIsTriangle.INFO: PASSED [] []
[2013-11-11 23:02:49] DataProvidersTest::testIsTriangle.INFO: PASSED [] []
[2013-11-11 23:02:49] DependsTest::testOne.ALERT: Failed asserting that false is true. [] []
[2013-11-11 23:02:49] DependsTest::testOne.INFO: # FAILED # [] []
[2013-11-11 23:02:49] DependsTest::testOne.INFO: PASSED [] []
[2013-11-11 23:02:49] DependsTest::testOne.INFO: # Skipped # [] []
[2013-11-11 23:02:49] DependsTest::testOne.ALERT: Failed asserting that true is false. [] []
[2013-11-11 23:02:49] DependsTest::testOne.INFO: # FAILED # [] []
[2013-11-11 23:02:49] DependsTest::testOne.INFO: PASSED [] []
[2013-11-11 23:02:49] PassingTest::testMe.INFO: PASSED [] []
[2013-11-11 23:03:07] DataProvidersTest::testIsTriangle.INFO: PASSED [] []
[2013-11-11 23:03:07] DataProvidersTest::testIsTriangle.INFO: PASSED [] []
[2013-11-11 23:03:07] DataProvidersTest::testIsTriangle.INFO: PASSED [] []
[2013-11-11 23:03:07] DependsTest::testOne.ALERT: Failed asserting that false is true. [] []
[2013-11-11 23:03:07] DependsTest::testOne.INFO: # FAILED # [] []
[2013-11-11 23:03:07] DependsTest::testOne.INFO: PASSED [] []
[2013-11-11 23:03:07] DependsTest::testOne.INFO: # Skipped # [] []
[2013-11-11 23:03:07] DependsTest::testOne.ALERT: Failed asserting that true is false. [] []
[2013-11-11 23:03:07] DependsTest::testOne.INFO: # FAILED # [] []
[2013-11-11 23:03:07] DependsTest::testOne.INFO: PASSED [] []
[2013-11-11 23:03:07] PassingTest::testMe.INFO: PASSED [] []
[2013-11-11 23:03:14] DataProvidersTest::testIsTriangle.INFO: PASSED [] []
[2013-11-11 23:03:14] DataProvidersTest::testIsTriangle.INFO: PASSED [] []
[2013-11-11 23:03:14] DataProvidersTest::testIsTriangle.INFO: PASSED [] []
[2013-11-11 23:03:14] DependsTest::testOne.ALERT: Failed asserting that false is true. [] []
[2013-11-11 23:03:14] DependsTest::testOne.INFO: # FAILED # [] []
[2013-11-11 23:03:14] DependsTest::testOne.INFO: PASSED [] []
[2013-11-11 23:03:14] DependsTest::testOne.INFO: # Skipped # [] []
[2013-11-11 23:03:14] DependsTest::testOne.ALERT: Failed asserting that true is false. [] []
[2013-11-11 23:03:14] DependsTest::testOne.INFO: # FAILED # [] []
[2013-11-11 23:03:14] DependsTest::testOne.INFO: PASSED [] []
[2013-11-11 23:03:14] PassingTest::testMe.INFO: PASSED [] []
[2013-11-11 23:03:18] DataProvidersTest::testIsTriangle.INFO: PASSED [] []
[2013-11-11 23:03:18] DataProvidersTest::testIsTriangle.INFO: PASSED [] []
[2013-11-11 23:03:18] DataProvidersTest::testIsTriangle.INFO: PASSED [] []
[2013-11-11 23:03:18] DependsTest::testOne.ALERT: Failed asserting that false is true. [] []
[2013-11-11 23:03:18] DependsTest::testOne.INFO: # FAILED # [] []
[2013-11-11 23:03:18] DependsTest::testOne.INFO: PASSED [] []
[2013-11-11 23:03:18] DependsTest::testOne.INFO: # Skipped # [] []
[2013-11-11 23:03:18] DependsTest::testOne.ALERT: Failed asserting that true is false. [] []
[2013-11-11 23:03:18] DependsTest::testOne.INFO: # FAILED # [] []
[2013-11-11 23:03:18] DependsTest::testOne.INFO: PASSED [] []
[2013-11-11 23:03:18] PassingTest::testMe.INFO: PASSED [] []
[2013-11-11 23:03:51] DataProvidersTest::testIsTriangle.INFO: PASSED [] []
[2013-11-11 23:03:51] DataProvidersTest::testIsTriangle.INFO: PASSED [] []
[2013-11-11 23:03:51] DataProvidersTest::testIsTriangle.INFO: PASSED [] []
[2013-11-11 23:03:51] DependsTest::testOne.ALERT: Failed asserting that false is true. [] []
[2013-11-11 23:03:51] DependsTest::testOne.INFO: # FAILED # [] []
[2013-11-11 23:03:51] DependsTest::testOne.INFO: PASSED [] []
[2013-11-11 23:03:51] DependsTest::testOne.INFO: # Skipped # [] []
[2013-11-11 23:03:51] DependsTest::testOne.ALERT: Failed asserting that true is false. [] []
[2013-11-11 23:03:51] DependsTest::testOne.INFO: # FAILED # [] []
[2013-11-11 23:03:51] DependsTest::testOne.INFO: PASSED [] []
[2013-11-11 23:03:51] PassingTest::testMe.INFO: PASSED [] []
[2013-11-11 23:04:04] DataProvidersTest::testIsTriangle.INFO: PASSED [] []
[2013-11-11 23:04:04] DataProvidersTest::testIsTriangle.INFO: PASSED [] []
[2013-11-11 23:04:04] DataProvidersTest::testIsTriangle.INFO: PASSED [] []
[2013-11-11 23:04:04] DependsTest::testOne.ALERT: Failed asserting that false is true. [] []
[2013-11-11 23:04:04] DependsTest::testOne.INFO: # FAILED # [] []
[2013-11-11 23:04:04] DependsTest::testOne.INFO: PASSED [] []
[2013-11-11 23:04:04] DependsTest::testOne.INFO: # Skipped # [] []
[2013-11-11 23:04:04] DependsTest::testOne.ALERT: Failed asserting that true is false. [] []
[2013-11-11 23:04:04] DependsTest::testOne.INFO: # FAILED # [] []
[2013-11-11 23:04:04] DependsTest::testOne.INFO: PASSED [] []
[2013-11-11 23:04:04] PassingTest::testMe.INFO: PASSED [] []
[2013-11-11 23:16:14] DataProvidersTest::testIsTriangle.INFO: PASSED [] []
[2013-11-11 23:16:14] DataProvidersTest::testIsTriangle.INFO: PASSED [] []
[2013-11-11 23:16:14] DataProvidersTest::testIsTriangle.INFO: PASSED [] []
[2013-11-11 23:16:14] DependsTest::testOne.ALERT: Failed asserting that false is true. [] []
[2013-11-11 23:16:14] DependsTest::testOne.INFO: # FAILED # [] []
[2013-11-11 23:16:14] DependsTest::testOne.INFO: PASSED [] []
[2013-11-11 23:16:14] DependsTest::testOne.INFO: # Skipped # [] []
[2013-11-11 23:16:14] DependsTest::testOne.ALERT: Failed asserting that true is false. [] []
[2013-11-11 23:16:14] DependsTest::testOne.INFO: # FAILED # [] []
[2013-11-11 23:16:14] DependsTest::testOne.INFO: PASSED [] []
[2013-11-11 23:16:14] PassingTest::testMe.INFO: PASSED [] []
[2013-11-11 23:16:29] DataProvidersTest::testIsTriangle.INFO: PASSED [] []
[2013-11-11 23:16:29] DataProvidersTest::testIsTriangle.INFO: PASSED [] []
[2013-11-11 23:16:29] DataProvidersTest::testIsTriangle.INFO: PASSED [] []
[2013-11-11 23:16:29] DependsTest::testOne.ALERT: Failed asserting that false is true. [] []
[2013-11-11 23:16:29] DependsTest::testOne.INFO: # FAILED # [] []
[2013-11-11 23:16:29] DependsTest::testOne.INFO: PASSED [] []
[2013-11-11 23:16:29] DependsTest::testOne.INFO: # Skipped # [] []
[2013-11-11 23:16:29] DependsTest::testOne.ALERT: Failed asserting that true is false. [] []
[2013-11-11 23:16:29] DependsTest::testOne.INFO: # FAILED # [] []
[2013-11-11 23:16:29] DependsTest::testOne.INFO: PASSED [] []
[2013-11-11 23:16:29] PassingTest::testMe.INFO: PASSED [] []
[2013-11-11 23:16:55] DataProvidersTest::testIsTriangle.INFO: PASSED [] []
[2013-11-11 23:16:55] DataProvidersTest::testIsTriangle.INFO: PASSED [] []
[2013-11-11 23:16:55] DataProvidersTest::testIsTriangle.INFO: PASSED [] []
[2013-11-11 23:16:55] DependsTest::testOne.ALERT: Failed asserting that false is true. [] []
[2013-11-11 23:16:55] DependsTest::testOne.INFO: # FAILED # [] []
[2013-11-11 23:16:55] DependsTest::testOne.INFO: PASSED [] []
[2013-11-11 23:16:55] DependsTest::testOne.INFO: # Skipped # [] []
[2013-11-11 23:16:55] DependsTest::testOne.ALERT: Failed asserting that true is false. [] []
[2013-11-11 23:16:55] DependsTest::testOne.INFO: # FAILED # [] []
[2013-11-11 23:16:55] DependsTest::testOne.INFO: PASSED [] []
[2013-11-11 23:16:55] PassingTest::testMe.INFO: PASSED [] []
[2013-11-11 23:17:06] DataProvidersTest::testIsTriangle.INFO: PASSED [] []
[2013-11-11 23:17:06] DataProvidersTest::testIsTriangle.INFO: PASSED [] []
[2013-11-11 23:17:06] DataProvidersTest::testIsTriangle.INFO: PASSED [] []
[2013-11-11 23:17:06] DependsTest::testOne.ALERT: Failed asserting that false is true. [] []
[2013-11-11 23:17:06] DependsTest::testOne.INFO: # FAILED # [] []
[2013-11-11 23:17:06] DependsTest::testOne.INFO: PASSED [] []
[2013-11-11 23:17:06] DependsTest::testOne.INFO: # Skipped # [] []
[2013-11-11 23:17:06] DependsTest::testOne.ALERT: Failed asserting that true is false. [] []
[2013-11-11 23:17:06] DependsTest::testOne.INFO: # FAILED # [] []
[2013-11-11 23:17:06] DependsTest::testOne.INFO: PASSED [] []
[2013-11-11 23:17:06] PassingTest::testMe.INFO: PASSED [] []
[2013-11-11 23:21:24] DataProvidersTest::testIsTriangle.INFO: PASSED [] []
[2013-11-11 23:21:24] DataProvidersTest::testIsTriangle.INFO: PASSED [] []
[2013-11-11 23:21:24] DataProvidersTest::testIsTriangle.INFO: PASSED [] []
[2013-11-11 23:21:24] DependsTest::testOne.ALERT: Failed asserting that false is true. [] []
[2013-11-11 23:21:24] DependsTest::testOne.INFO: # FAILED # [] []
[2013-11-11 23:21:24] DependsTest::testOne.INFO: PASSED [] []
[2013-11-11 23:21:24] DependsTest::testOne.INFO: # Skipped # [] []
[2013-11-11 23:21:24] DependsTest::testOne.ALERT: Failed asserting that true is false. [] []
[2013-11-11 23:21:24] DependsTest::testOne.INFO: # FAILED # [] []
[2013-11-11 23:21:24] DependsTest::testOne.INFO: PASSED [] []
[2013-11-11 23:21:24] PassingTest::testMe.INFO: PASSED [] []
[2013-11-11 23:21:34] DataProvidersTest::testIsTriangle.INFO: PASSED [] []
[2013-11-11 23:21:34] DataProvidersTest::testIsTriangle.INFO: PASSED [] []
[2013-11-11 23:21:34] DataProvidersTest::testIsTriangle.INFO: PASSED [] []
[2013-11-11 23:21:34] DependsTest::testOne.ALERT: Failed asserting that false is true. [] []
[2013-11-11 23:21:34] DependsTest::testOne.INFO: # FAILED # [] []
[2013-11-11 23:21:34] DependsTest::testOne.INFO: PASSED [] []
[2013-11-11 23:21:34] DependsTest::testOne.INFO: # Skipped # [] []
[2013-11-11 23:21:34] DependsTest::testOne.ALERT: Failed asserting that true is false. [] []
[2013-11-11 23:21:34] DependsTest::testOne.INFO: # FAILED # [] []
[2013-11-11 23:21:34] DependsTest::testOne.INFO: PASSED [] []
[2013-11-11 23:21:34] PassingTest::testMe.INFO: PASSED [] []
[2013-11-11 23:21:40] DataProvidersTest::testIsTriangle.INFO: PASSED [] []
[2013-11-11 23:21:40] DataProvidersTest::testIsTriangle.INFO: PASSED [] []
[2013-11-11 23:21:40] DataProvidersTest::testIsTriangle.INFO: PASSED [] []
[2013-11-11 23:21:40] DependsTest::testOne.ALERT: Failed asserting that false is true. [] []
[2013-11-11 23:21:40] DependsTest::testOne.INFO: # FAILED # [] []
[2013-11-11 23:21:40] DependsTest::testOne.INFO: PASSED [] []
[2013-11-11 23:21:40] DependsTest::testOne.INFO: # Skipped # [] []
[2013-11-11 23:21:40] DependsTest::testOne.ALERT: Failed asserting that true is false. [] []
[2013-11-11 23:21:40] DependsTest::testOne.INFO: # FAILED # [] []
[2013-11-11 23:21:40] DependsTest::testOne.INFO: PASSED [] []
[2013-11-11 23:21:40] PassingTest::testMe.INFO: PASSED [] []
[2013-11-11 23:21:57] DataProvidersTest::testIsTriangle.INFO: PASSED [] []
[2013-11-11 23:21:57] DataProvidersTest::testIsTriangle.INFO: PASSED [] []
[2013-11-11 23:21:57] DataProvidersTest::testIsTriangle.INFO: PASSED [] []
[2013-11-11 23:21:57] DependsTest::testOne.ALERT: Failed asserting that false is true. [] []
[2013-11-11 23:21:57] DependsTest::testOne.INFO: # FAILED # [] []
[2013-11-11 23:21:57] DependsTest::testOne.INFO: PASSED [] []
[2013-11-11 23:21:57] DependsTest::testOne.INFO: # Skipped # [] []
[2013-11-11 23:21:58] DependsTest::testOne.ALERT: Failed asserting that true is false. [] []
[2013-11-11 23:21:58] DependsTest::testOne.INFO: # FAILED # [] []
[2013-11-11 23:21:58] DependsTest::testOne.INFO: PASSED [] []
[2013-11-11 23:21:58] PassingTest::testMe.INFO: PASSED [] []
[2013-11-11 23:22:03] DataProvidersTest::testIsTriangle.INFO: PASSED [] []
[2013-11-11 23:22:03] DataProvidersTest::testIsTriangle.INFO: PASSED [] []
[2013-11-11 23:22:03] DataProvidersTest::testIsTriangle.INFO: PASSED [] []
[2013-11-11 23:22:03] DependsTest::testOne.ALERT: Failed asserting that false is true. [] []
[2013-11-11 23:22:03] DependsTest::testOne.INFO: # FAILED # [] []
[2013-11-11 23:22:03] DependsTest::testOne.INFO: PASSED [] []
[2013-11-11 23:22:03] DependsTest::testOne.INFO: # Skipped # [] []
[2013-11-11 23:22:03] DependsTest::testOne.ALERT: Failed asserting that true is false. [] []
[2013-11-11 23:22:03] DependsTest::testOne.INFO: # FAILED # [] []
[2013-11-11 23:22:03] DependsTest::testOne.INFO: PASSED [] []
[2013-11-11 23:22:03] PassingTest::testMe.INFO: PASSED [] []
[2013-11-11 23:22:17] DataProvidersTest::testIsTriangle.INFO: PASSED [] []
[2013-11-11 23:22:17] DataProvidersTest::testIsTriangle.INFO: PASSED [] []
[2013-11-11 23:22:17] DataProvidersTest::testIsTriangle.INFO: PASSED [] []
[2013-11-11 23:22:17] DependsTest::testOne.ALERT: Failed asserting that false is true. [] []
[2013-11-11 23:22:17] DependsTest::testOne.INFO: # FAILED # [] []
[2013-11-11 23:22:17] DependsTest::testOne.INFO: PASSED [] []
[2013-11-11 23:22:17] DependsTest::testOne.INFO: # Skipped # [] []
[2013-11-11 23:22:17] DependsTest::testOne.ALERT: Failed asserting that true is false. [] []
[2013-11-11 23:22:17] DependsTest::testOne.INFO: # FAILED # [] []
[2013-11-11 23:22:17] DependsTest::testOne.INFO: PASSED [] []
[2013-11-11 23:22:17] PassingTest::testMe.INFO: PASSED [] []
[2013-11-11 23:22:38] DataProvidersTest::testIsTriangle.INFO: PASSED [] []
[2013-11-11 23:22:38] DataProvidersTest::testIsTriangle.INFO: PASSED [] []
[2013-11-11 23:22:38] DataProvidersTest::testIsTriangle.INFO: PASSED [] []
[2013-11-11 23:22:38] DependsTest::testOne.ALERT: Failed asserting that false is true. [] []
[2013-11-11 23:22:38] DependsTest::testOne.INFO: # FAILED # [] []
[2013-11-11 23:22:38] DependsTest::testOne.INFO: PASSED [] []
[2013-11-11 23:22:38] DependsTest::testOne.INFO: # Skipped # [] []
[2013-11-11 23:22:38] DependsTest::testOne.ALERT: Failed asserting that true is false. [] []
[2013-11-11 23:22:38] DependsTest::testOne.INFO: # FAILED # [] []
[2013-11-11 23:22:38] DependsTest::testOne.INFO: PASSED [] []
[2013-11-11 23:22:38] PassingTest::testMe.INFO: PASSED [] []
[2013-11-11 23:22:59] DataProvidersTest::testIsTriangle.INFO: PASSED [] []
[2013-11-11 23:22:59] DataProvidersTest::testIsTriangle.INFO: PASSED [] []
[2013-11-11 23:22:59] DataProvidersTest::testIsTriangle.INFO: PASSED [] []
[2013-11-11 23:22:59] DependsTest::testOne.ALERT: Failed asserting that false is true. [] []
[2013-11-11 23:22:59] DependsTest::testOne.INFO: # FAILED # [] []
[2013-11-11 23:22:59] DependsTest::testOne.INFO: PASSED [] []
[2013-11-11 23:22:59] DependsTest::testOne.INFO: # Skipped # [] []
[2013-11-11 23:22:59] DependsTest::testOne.ALERT: Failed asserting that true is false. [] []
[2013-11-11 23:22:59] DependsTest::testOne.INFO: # FAILED # [] []
[2013-11-11 23:22:59] DependsTest::testOne.INFO: PASSED [] []
[2013-11-11 23:22:59] PassingTest::testMe.INFO: PASSED [] []
[2013-11-11 23:25:04] DataProvidersTest::testIsTriangle.INFO: PASSED [] []
[2013-11-11 23:25:04] DataProvidersTest::testIsTriangle.INFO: PASSED [] []
[2013-11-11 23:25:04] DataProvidersTest::testIsTriangle.INFO: PASSED [] []
[2013-11-11 23:25:04] DependsTest::testOne.ALERT: Failed asserting that false is true. [] []
[2013-11-11 23:25:04] DependsTest::testOne.INFO: # FAILED # [] []
[2013-11-11 23:25:04] DependsTest::testOne.INFO: PASSED [] []
[2013-11-11 23:25:04] DependsTest::testOne.INFO: # Skipped # [] []
[2013-11-11 23:25:04] DependsTest::testOne.ALERT: Failed asserting that true is false. [] []
[2013-11-11 23:25:04] DependsTest::testOne.INFO: # FAILED # [] []
[2013-11-11 23:25:04] DependsTest::testOne.INFO: PASSED [] []
[2013-11-11 23:25:04] PassingTest::testMe.INFO: PASSED [] []
[2013-11-11 23:25:17] DataProvidersTest::testIsTriangle.INFO: PASSED [] []
[2013-11-11 23:25:17] DataProvidersTest::testIsTriangle.INFO: PASSED [] []
[2013-11-11 23:25:17] DataProvidersTest::testIsTriangle.INFO: PASSED [] []
[2013-11-11 23:25:17] DependsTest::testOne.ALERT: Failed asserting that false is true. [] []
[2013-11-11 23:25:17] DependsTest::testOne.INFO: # FAILED # [] []
[2013-11-11 23:25:17] DependsTest::testOne.INFO: PASSED [] []
[2013-11-11 23:25:17] DependsTest::testOne.INFO: # Skipped # [] []
[2013-11-11 23:25:17] DependsTest::testOne.ALERT: Failed asserting that true is false. [] []
[2013-11-11 23:25:17] DependsTest::testOne.INFO: # FAILED # [] []
[2013-11-11 23:25:17] DependsTest::testOne.INFO: PASSED [] []
[2013-11-11 23:25:17] PassingTest::testMe.INFO: PASSED [] []
[2013-11-11 23:25:27] DataProvidersTest::testIsTriangle.INFO: PASSED [] []
[2013-11-11 23:25:27] DataProvidersTest::testIsTriangle.INFO: PASSED [] []
[2013-11-11 23:25:27] DataProvidersTest::testIsTriangle.INFO: PASSED [] []
[2013-11-11 23:25:27] DependsTest::testOne.ALERT: Failed asserting that false is true. [] []
[2013-11-11 23:25:27] DependsTest::testOne.INFO: # FAILED # [] []
[2013-11-11 23:25:27] DependsTest::testOne.INFO: PASSED [] []
[2013-11-11 23:25:27] DependsTest::testOne.INFO: # Skipped # [] []
[2013-11-11 23:25:27] DependsTest::testOne.ALERT: Failed asserting that true is false. [] []
[2013-11-11 23:25:27] DependsTest::testOne.INFO: # FAILED # [] []
[2013-11-11 23:25:27] DependsTest::testOne.INFO: PASSED [] []
[2013-11-11 23:25:27] PassingTest::testMe.INFO: PASSED [] []
[2013-11-11 23:25:37] DataProvidersTest::testIsTriangle.INFO: PASSED [] []
[2013-11-11 23:25:37] DataProvidersTest::testIsTriangle.INFO: PASSED [] []
[2013-11-11 23:25:37] DataProvidersTest::testIsTriangle.INFO: PASSED [] []
[2013-11-11 23:25:37] DependsTest::testOne.ALERT: Failed asserting that false is true. [] []
[2013-11-11 23:25:37] DependsTest::testOne.INFO: # FAILED # [] []
[2013-11-11 23:25:37] DependsTest::testOne.INFO: PASSED [] []
[2013-11-11 23:25:37] DependsTest::testOne.INFO: # Skipped # [] []
[2013-11-11 23:25:37] DependsTest::testOne.ALERT: Failed asserting that true is false. [] []
[2013-11-11 23:25:37] DependsTest::testOne.INFO: # FAILED # [] []
[2013-11-11 23:25:37] DependsTest::testOne.INFO: PASSED [] []
[2013-11-11 23:25:37] PassingTest::testMe.INFO: PASSED [] []
[2013-11-11 23:25:44] DataProvidersTest::testIsTriangle.INFO: PASSED [] []
[2013-11-11 23:25:44] DataProvidersTest::testIsTriangle.INFO: PASSED [] []
[2013-11-11 23:25:44] DataProvidersTest::testIsTriangle.INFO: PASSED [] []
[2013-11-11 23:25:44] DependsTest::testOne.ALERT: Failed asserting that false is true. [] []
[2013-11-11 23:25:44] DependsTest::testOne.INFO: # FAILED # [] []
[2013-11-11 23:25:44] DependsTest::testOne.INFO: PASSED [] []
[2013-11-11 23:25:44] DependsTest::testOne.INFO: # Skipped # [] []
[2013-11-11 23:25:44] DependsTest::testOne.ALERT: Failed asserting that true is false. [] []
[2013-11-11 23:25:44] DependsTest::testOne.INFO: # FAILED # [] []
[2013-11-11 23:25:44] DependsTest::testOne.INFO: PASSED [] []
[2013-11-11 23:25:44] PassingTest::testMe.INFO: PASSED [] []
[2013-11-11 23:25:54] DataProvidersTest::testIsTriangle.INFO: PASSED [] []
[2013-11-11 23:25:54] DataProvidersTest::testIsTriangle.INFO: PASSED [] []
[2013-11-11 23:25:54] DataProvidersTest::testIsTriangle.INFO: PASSED [] []
[2013-11-11 23:25:54] DependsTest::testOne.ALERT: Failed asserting that false is true. [] []
[2013-11-11 23:25:54] DependsTest::testOne.INFO: # FAILED # [] []
[2013-11-11 23:25:54] DependsTest::testOne.INFO: PASSED [] []
[2013-11-11 23:25:54] DependsTest::testOne.INFO: # Skipped # [] []
[2013-11-11 23:25:54] DependsTest::testOne.ALERT: Failed asserting that true is false. [] []
[2013-11-11 23:25:54] DependsTest::testOne.INFO: # FAILED # [] []
[2013-11-11 23:25:54] DependsTest::testOne.INFO: PASSED [] []
[2013-11-11 23:25:54] PassingTest::testMe.INFO: PASSED [] []
[2013-11-11 23:26:00] DataProvidersTest::testIsTriangle.INFO: PASSED [] []
[2013-11-11 23:26:00] DataProvidersTest::testIsTriangle.INFO: PASSED [] []
[2013-11-11 23:26:00] DataProvidersTest::testIsTriangle.INFO: PASSED [] []
[2013-11-11 23:26:00] DependsTest::testOne.ALERT: Failed asserting that false is true. [] []
[2013-11-11 23:26:00] DependsTest::testOne.INFO: # FAILED # [] []
[2013-11-11 23:26:00] DependsTest::testOne.INFO: PASSED [] []
[2013-11-11 23:26:00] DependsTest::testOne.INFO: # Skipped # [] []
[2013-11-11 23:26:00] DependsTest::testOne.ALERT: Failed asserting that true is false. [] []
[2013-11-11 23:26:00] DependsTest::testOne.INFO: # FAILED # [] []
[2013-11-11 23:26:00] DependsTest::testOne.INFO: PASSED [] []
[2013-11-11 23:26:00] PassingTest::testMe.INFO: PASSED [] []
[2013-11-11 23:27:26] DataProvidersTest::testIsTriangle.INFO: PASSED [] []
[2013-11-11 23:27:26] DataProvidersTest::testIsTriangle.INFO: PASSED [] []
[2013-11-11 23:27:26] DataProvidersTest::testIsTriangle.INFO: PASSED [] []
[2013-11-11 23:27:26] DependsTest::testOne.ALERT: Failed asserting that false is true. [] []
[2013-11-11 23:27:26] DependsTest::testOne.INFO: # FAILED # [] []
[2013-11-11 23:27:26] DependsTest::testOne.INFO: PASSED [] []
[2013-11-11 23:27:26] DependsTest::testOne.INFO: # Skipped # [] []
[2013-11-11 23:27:26] DependsTest::testOne.ALERT: Failed asserting that true is false. [] []
[2013-11-11 23:27:26] DependsTest::testOne.INFO: # FAILED # [] []
[2013-11-11 23:27:26] DependsTest::testOne.INFO: PASSED [] []
[2013-11-11 23:27:26] PassingTest::testMe.INFO: PASSED [] []
[2013-11-11 23:28:06] DataProvidersTest::testIsTriangle.INFO: PASSED [] []
[2013-11-11 23:28:06] DataProvidersTest::testIsTriangle.INFO: PASSED [] []
[2013-11-11 23:28:06] DataProvidersTest::testIsTriangle.INFO: PASSED [] []
[2013-11-11 23:28:06] DependsTest::testOne.ALERT: Failed asserting that false is true. [] []
[2013-11-11 23:28:06] DependsTest::testOne.INFO: # FAILED # [] []
[2013-11-11 23:28:06] DependsTest::testOne.INFO: PASSED [] []
[2013-11-11 23:28:06] DependsTest::testOne.INFO: # Skipped # [] []
[2013-11-11 23:28:06] DependsTest::testOne.ALERT: Failed asserting that true is false. [] []
[2013-11-11 23:28:06] DependsTest::testOne.INFO: # FAILED # [] []
[2013-11-11 23:28:06] DependsTest::testOne.INFO: PASSED [] []
[2013-11-11 23:28:06] PassingTest::testMe.INFO: PASSED [] []
[2013-11-11 23:28:21] DataProvidersTest::testIsTriangle.INFO: PASSED [] []
[2013-11-11 23:28:21] DataProvidersTest::testIsTriangle.INFO: PASSED [] []
[2013-11-11 23:28:21] DataProvidersTest::testIsTriangle.INFO: PASSED [] []
[2013-11-11 23:28:21] DependsTest::testOne.ALERT: Failed asserting that false is true. [] []
[2013-11-11 23:28:21] DependsTest::testOne.INFO: # FAILED # [] []
[2013-11-11 23:28:21] DependsTest::testOne.INFO: PASSED [] []
[2013-11-11 23:28:21] DependsTest::testOne.INFO: # Skipped # [] []
[2013-11-11 23:28:21] DependsTest::testOne.ALERT: Failed asserting that true is false. [] []
[2013-11-11 23:28:21] DependsTest::testOne.INFO: # FAILED # [] []
[2013-11-11 23:28:21] DependsTest::testOne.INFO: PASSED [] []
[2013-11-11 23:28:21] PassingTest::testMe.INFO: PASSED [] []
[2013-11-11 23:28:35] DataProvidersTest::testIsTriangle.INFO: PASSED [] []
[2013-11-11 23:28:35] DataProvidersTest::testIsTriangle.INFO: PASSED [] []
[2013-11-11 23:28:35] DataProvidersTest::testIsTriangle.INFO: PASSED [] []
[2013-11-11 23:28:35] DependsTest::testOne.ALERT: Failed asserting that false is true. [] []
[2013-11-11 23:28:35] DependsTest::testOne.INFO: # FAILED # [] []
[2013-11-11 23:28:35] DependsTest::testOne.INFO: PASSED [] []
[2013-11-11 23:28:35] DependsTest::testOne.INFO: # Skipped # [] []
[2013-11-11 23:28:35] DependsTest::testOne.ALERT: Failed asserting that true is false. [] []
[2013-11-11 23:28:35] DependsTest::testOne.INFO: # FAILED # [] []
[2013-11-11 23:28:35] DependsTest::testOne.INFO: PASSED [] []
[2013-11-11 23:28:35] PassingTest::testMe.INFO: PASSED [] []
[2013-11-11 23:28:48] DataProvidersTest::testIsTriangle.INFO: PASSED [] []
[2013-11-11 23:28:48] DataProvidersTest::testIsTriangle.INFO: PASSED [] []
[2013-11-11 23:28:48] DataProvidersTest::testIsTriangle.INFO: PASSED [] []
[2013-11-11 23:28:48] DependsTest::testOne.ALERT: Failed asserting that false is true. [] []
[2013-11-11 23:28:48] DependsTest::testOne.INFO: # FAILED # [] []
[2013-11-11 23:28:48] DependsTest::testOne.INFO: PASSED [] []
[2013-11-11 23:28:48] DependsTest::testOne.INFO: # Skipped # [] []
[2013-11-11 23:28:48] DependsTest::testOne.ALERT: Failed asserting that true is false. [] []
[2013-11-11 23:28:48] DependsTest::testOne.INFO: # FAILED # [] []
[2013-11-11 23:28:48] DependsTest::testOne.INFO: PASSED [] []
[2013-11-11 23:28:48] PassingTest::testMe.INFO: PASSED [] []
[2013-11-11 23:29:24] DataProvidersTest::testIsTriangle.INFO: PASSED [] []
[2013-11-11 23:29:24] DataProvidersTest::testIsTriangle.INFO: PASSED [] []
[2013-11-11 23:29:24] DataProvidersTest::testIsTriangle.INFO: PASSED [] []
[2013-11-11 23:29:24] DependsTest::testOne.ALERT: Failed asserting that false is true. [] []
[2013-11-11 23:29:24] DependsTest::testOne.INFO: # FAILED # [] []
[2013-11-11 23:29:24] DependsTest::testOne.INFO: PASSED [] []
[2013-11-11 23:29:24] DependsTest::testOne.INFO: # Skipped # [] []
[2013-11-11 23:29:24] DependsTest::testOne.ALERT: Failed asserting that true is false. [] []
[2013-11-11 23:29:24] DependsTest::testOne.INFO: # FAILED # [] []
[2013-11-11 23:29:24] DependsTest::testOne.INFO: PASSED [] []
[2013-11-11 23:29:24] PassingTest::testMe.INFO: PASSED [] []
[2013-11-11 23:29:37] DataProvidersTest::testIsTriangle.INFO: PASSED [] []
[2013-11-11 23:29:37] DataProvidersTest::testIsTriangle.INFO: PASSED [] []
[2013-11-11 23:29:37] DataProvidersTest::testIsTriangle.INFO: PASSED [] []
[2013-11-11 23:29:37] DependsTest::testOne.ALERT: Failed asserting that false is true. [] []
[2013-11-11 23:29:37] DependsTest::testOne.INFO: # FAILED # [] []
[2013-11-11 23:29:37] DependsTest::testOne.INFO: PASSED [] []
[2013-11-11 23:29:37] DependsTest::testOne.INFO: # Skipped # [] []
[2013-11-11 23:29:37] DependsTest::testOne.ALERT: Failed asserting that true is false. [] []
[2013-11-11 23:29:37] DependsTest::testOne.INFO: # FAILED # [] []
[2013-11-11 23:29:37] DependsTest::testOne.INFO: PASSED [] []
[2013-11-11 23:29:37] PassingTest::testMe.INFO: PASSED [] []
[2013-11-11 23:29:54] DataProvidersTest::testIsTriangle.INFO: PASSED [] []
[2013-11-11 23:29:54] DataProvidersTest::testIsTriangle.INFO: PASSED [] []
[2013-11-11 23:29:54] DataProvidersTest::testIsTriangle.INFO: PASSED [] []
[2013-11-11 23:29:54] DependsTest::testOne.ALERT: Failed asserting that false is true. [] []
[2013-11-11 23:29:54] DependsTest::testOne.INFO: # FAILED # [] []
[2013-11-11 23:29:54] DependsTest::testOne.INFO: PASSED [] []
[2013-11-11 23:29:54] DependsTest::testOne.INFO: # Skipped # [] []
[2013-11-11 23:29:54] DependsTest::testOne.ALERT: Failed asserting that true is false. [] []
[2013-11-11 23:29:54] DependsTest::testOne.INFO: # FAILED # [] []
[2013-11-11 23:29:54] DependsTest::testOne.INFO: PASSED [] []
[2013-11-11 23:29:54] PassingTest::testMe.INFO: PASSED [] []
[2013-11-11 23:30:21] DataProvidersTest::testIsTriangle.INFO: PASSED [] []
[2013-11-11 23:30:21] DataProvidersTest::testIsTriangle.INFO: PASSED [] []
[2013-11-11 23:30:21] DataProvidersTest::testIsTriangle.INFO: PASSED [] []
[2013-11-11 23:30:21] DependsTest::testOne.ALERT: Failed asserting that false is true. [] []
[2013-11-11 23:30:21] DependsTest::testOne.INFO: # FAILED # [] []
[2013-11-11 23:30:21] DependsTest::testOne.INFO: PASSED [] []
[2013-11-11 23:30:21] DependsTest::testOne.INFO: # Skipped # [] []
[2013-11-11 23:30:21] DependsTest::testOne.ALERT: Failed asserting that true is false. [] []
[2013-11-11 23:30:21] DependsTest::testOne.INFO: # FAILED # [] []
[2013-11-11 23:30:21] DependsTest::testOne.INFO: PASSED [] []
[2013-11-11 23:30:21] PassingTest::testMe.INFO: PASSED [] []
[2013-11-11 23:33:24] DataProvidersTest::testIsTriangle.INFO: PASSED [] []
[2013-11-11 23:33:24] DataProvidersTest::testIsTriangle.INFO: PASSED [] []
[2013-11-11 23:33:24] DataProvidersTest::testIsTriangle.INFO: PASSED [] []
[2013-11-11 23:33:24] DependsTest::testOne.ALERT: Failed asserting that false is true. [] []
[2013-11-11 23:33:24] DependsTest::testOne.INFO: # FAILED # [] []
[2013-11-11 23:33:24] DependsTest::testOne.INFO: PASSED [] []
[2013-11-11 23:33:24] DependsTest::testOne.INFO: # Skipped # [] []
[2013-11-11 23:33:24] DependsTest::testOne.ALERT: Failed asserting that true is false. [] []
[2013-11-11 23:33:24] DependsTest::testOne.INFO: # FAILED # [] []
[2013-11-11 23:33:24] DependsTest::testOne.INFO: PASSED [] []
[2013-11-11 23:33:24] PassingTest::testMe.INFO: PASSED [] []
[2013-11-11 23:34:08] DataProvidersTest::testIsTriangle.INFO: PASSED [] []
[2013-11-11 23:34:08] DataProvidersTest::testIsTriangle.INFO: PASSED [] []
[2013-11-11 23:34:08] DataProvidersTest::testIsTriangle.INFO: PASSED [] []
[2013-11-11 23:34:08] DependsTest::testOne.ALERT: Failed asserting that false is true. [] []
[2013-11-11 23:34:08] DependsTest::testOne.INFO: # FAILED # [] []
[2013-11-11 23:34:08] DependsTest::testOne.INFO: PASSED [] []
[2013-11-11 23:34:08] DependsTest::testOne.INFO: # Skipped # [] []
[2013-11-11 23:34:08] DependsTest::testOne.ALERT: Failed asserting that true is false. [] []
[2013-11-11 23:34:08] DependsTest::testOne.INFO: # FAILED # [] []
[2013-11-11 23:34:08] DependsTest::testOne.INFO: PASSED [] []
[2013-11-11 23:34:08] PassingTest::testMe.INFO: PASSED [] []
[2013-11-11 23:34:12] DataProvidersTest::testIsTriangle.INFO: PASSED [] []
[2013-11-11 23:34:12] DataProvidersTest::testIsTriangle.INFO: PASSED [] []
[2013-11-11 23:34:12] DataProvidersTest::testIsTriangle.INFO: PASSED [] []
[2013-11-11 23:34:12] DependsTest::testOne.ALERT: Failed asserting that false is true. [] []
[2013-11-11 23:34:12] DependsTest::testOne.INFO: # FAILED # [] []
[2013-11-11 23:34:12] DependsTest::testOne.INFO: PASSED [] []
[2013-11-11 23:34:12] DependsTest::testOne.INFO: # Skipped # [] []
[2013-11-11 23:34:12] DependsTest::testOne.ALERT: Failed asserting that true is false. [] []
[2013-11-11 23:34:12] DependsTest::testOne.INFO: # FAILED # [] []
[2013-11-11 23:34:12] DependsTest::testOne.INFO: PASSED [] []
[2013-11-11 23:34:12] PassingTest::testMe.INFO: PASSED [] []
[2013-11-11 23:34:28] DataProvidersTest::testIsTriangle.INFO: PASSED [] []
[2013-11-11 23:34:28] DataProvidersTest::testIsTriangle.INFO: PASSED [] []
[2013-11-11 23:34:28] DataProvidersTest::testIsTriangle.INFO: PASSED [] []
[2013-11-11 23:34:28] DependsTest::testOne.ALERT: Failed asserting that false is true. [] []
[2013-11-11 23:34:28] DependsTest::testOne.INFO: # FAILED # [] []
[2013-11-11 23:34:28] DependsTest::testOne.INFO: PASSED [] []
[2013-11-11 23:34:28] DependsTest::testOne.INFO: # Skipped # [] []
[2013-11-11 23:34:28] DependsTest::testOne.ALERT: Failed asserting that true is false. [] []
[2013-11-11 23:34:28] DependsTest::testOne.INFO: # FAILED # [] []
[2013-11-11 23:34:28] DependsTest::testOne.INFO: PASSED [] []
[2013-11-11 23:34:28] PassingTest::testMe.INFO: PASSED [] []
[2013-11-11 23:34:52] DataProvidersTest::testIsTriangle.INFO: PASSED [] []
[2013-11-11 23:34:52] DataProvidersTest::testIsTriangle.INFO: PASSED [] []
[2013-11-11 23:34:52] DataProvidersTest::testIsTriangle.INFO: PASSED [] []
[2013-11-11 23:34:52] DependsTest::testOne.ALERT: Failed asserting that false is true. [] []
[2013-11-11 23:34:52] DependsTest::testOne.INFO: # FAILED # [] []
[2013-11-11 23:34:52] DependsTest::testOne.INFO: PASSED [] []
[2013-11-11 23:34:52] DependsTest::testOne.INFO: # Skipped # [] []
[2013-11-11 23:34:52] DependsTest::testOne.ALERT: Failed asserting that true is false. [] []
[2013-11-11 23:34:52] DependsTest::testOne.INFO: # FAILED # [] []
[2013-11-11 23:34:52] DependsTest::testOne.INFO: PASSED [] []
[2013-11-11 23:34:52] PassingTest::testMe.INFO: PASSED [] []
[2013-11-11 23:35:21] DataProvidersTest::testIsTriangle.INFO: PASSED [] []
[2013-11-11 23:35:21] DataProvidersTest::testIsTriangle.INFO: PASSED [] []
[2013-11-11 23:35:21] DataProvidersTest::testIsTriangle.INFO: PASSED [] []
[2013-11-11 23:35:21] DependsTest::testOne.ALERT: Failed asserting that false is true. [] []
[2013-11-11 23:35:21] DependsTest::testOne.INFO: # FAILED # [] []
[2013-11-11 23:35:21] DependsTest::testOne.INFO: PASSED [] []
[2013-11-11 23:35:21] DependsTest::testOne.INFO: # Skipped # [] []
[2013-11-11 23:35:21] DependsTest::testOne.ALERT: Failed asserting that true is false. [] []
[2013-11-11 23:35:21] DependsTest::testOne.INFO: # FAILED # [] []
[2013-11-11 23:35:21] DependsTest::testOne.INFO: PASSED [] []
[2013-11-11 23:35:21] PassingTest::testMe.INFO: PASSED [] []
[2013-11-11 23:35:24] DataProvidersTest::testIsTriangle.INFO: PASSED [] []
[2013-11-11 23:35:24] DataProvidersTest::testIsTriangle.INFO: PASSED [] []
[2013-11-11 23:35:24] DataProvidersTest::testIsTriangle.INFO: PASSED [] []
[2013-11-11 23:35:24] DependsTest::testOne.ALERT: Failed asserting that false is true. [] []
[2013-11-11 23:35:24] DependsTest::testOne.INFO: # FAILED # [] []
[2013-11-11 23:35:24] DependsTest::testOne.INFO: PASSED [] []
[2013-11-11 23:35:24] DependsTest::testOne.INFO: # Skipped # [] []
[2013-11-11 23:35:24] DependsTest::testOne.ALERT: Failed asserting that true is false. [] []
[2013-11-11 23:35:24] DependsTest::testOne.INFO: # FAILED # [] []
[2013-11-11 23:35:24] DependsTest::testOne.INFO: PASSED [] []
[2013-11-11 23:35:24] PassingTest::testMe.INFO: PASSED [] []
[2013-11-11 23:36:29] DataProvidersTest::testIsTriangle.INFO: PASSED [] []
[2013-11-11 23:36:29] DataProvidersTest::testIsTriangle.INFO: PASSED [] []
[2013-11-11 23:36:29] DataProvidersTest::testIsTriangle.INFO: PASSED [] []
[2013-11-11 23:36:29] DependsTest::testOne.ALERT: Failed asserting that false is true. [] []
[2013-11-11 23:36:29] DependsTest::testOne.INFO: # FAILED # [] []
[2013-11-11 23:36:29] DependsTest::testOne.INFO: PASSED [] []
[2013-11-11 23:36:29] DependsTest::testOne.INFO: # Skipped # [] []
[2013-11-11 23:36:29] DependsTest::testOne.ALERT: Failed asserting that true is false. [] []
[2013-11-11 23:36:29] DependsTest::testOne.INFO: # FAILED # [] []
[2013-11-11 23:36:29] DependsTest::testOne.INFO: PASSED [] []
[2013-11-11 23:36:29] PassingTest::testMe.INFO: PASSED [] []
[2013-11-11 23:36:44] DataProvidersTest::testIsTriangle.INFO: PASSED [] []
[2013-11-11 23:36:44] DataProvidersTest::testIsTriangle.INFO: PASSED [] []
[2013-11-11 23:36:44] DataProvidersTest::testIsTriangle.INFO: PASSED [] []
[2013-11-11 23:36:44] DependsTest::testOne.ALERT: Failed asserting that false is true. [] []
[2013-11-11 23:36:44] DependsTest::testOne.INFO: # FAILED # [] []
[2013-11-11 23:36:44] DependsTest::testOne.INFO: PASSED [] []
[2013-11-11 23:36:44] DependsTest::testOne.INFO: # Skipped # [] []
[2013-11-11 23:36:44] DependsTest::testOne.ALERT: Failed asserting that true is false. [] []
[2013-11-11 23:36:44] DependsTest::testOne.INFO: # FAILED # [] []
[2013-11-11 23:36:44] DependsTest::testOne.INFO: PASSED [] []
[2013-11-11 23:36:44] PassingTest::testMe.INFO: PASSED [] []
[2013-11-11 23:37:02] DataProvidersTest::testIsTriangle.INFO: PASSED [] []
[2013-11-11 23:37:02] DataProvidersTest::testIsTriangle.INFO: PASSED [] []
[2013-11-11 23:37:02] DataProvidersTest::testIsTriangle.INFO: PASSED [] []
[2013-11-11 23:37:02] DependsTest::testOne.ALERT: Failed asserting that false is true. [] []
[2013-11-11 23:37:02] DependsTest::testOne.INFO: # FAILED # [] []
[2013-11-11 23:37:02] DependsTest::testOne.INFO: PASSED [] []
[2013-11-11 23:37:02] DependsTest::testOne.INFO: # Skipped # [] []
[2013-11-11 23:37:02] DependsTest::testOne.ALERT: Failed asserting that true is false. [] []
[2013-11-11 23:37:02] DependsTest::testOne.INFO: # FAILED # [] []
[2013-11-11 23:37:02] DependsTest::testOne.INFO: PASSED [] []
[2013-11-11 23:37:02] PassingTest::testMe.INFO: PASSED [] []
