[2013-11-09 17:51:55] DependsTest::testOne.ALERT: Failed asserting that false is true. [] []
[2013-11-09 17:51:55] DependsTest::testOne.INFO: # FAILED # [] []
[2013-11-09 17:51:55] DependsTest::testOne.INFO: PASSED [] []
[2013-11-09 17:51:55] DependsTest::testTwo.INFO: PASSED [] []
[2013-11-09 17:52:06] DependsTest::testOne.ALERT: Failed asserting that false is true. [] []
[2013-11-09 17:52:06] DependsTest::testOne.INFO: # FAILED # [] []
[2013-11-09 17:52:06] DependsTest::testOne.INFO: PASSED [] []
[2013-11-09 17:52:06] DependsTest::testTwo.INFO: PASSED [] []
[2013-11-09 17:57:24] DependsTest::testOne.ALERT: Failed asserting that false is true. [] []
[2013-11-09 17:57:24] DependsTest::testOne.INFO: # FAILED # [] []
[2013-11-09 17:57:24] DependsTest::testOne.INFO: PASSED [] []
[2013-11-09 17:57:24] DependsTest::testOne.INFO: # Skipped # [] []
[2013-11-09 17:57:40] DependsTest::testOne.ALERT: Failed asserting that false is true. [] []
[2013-11-09 17:57:40] DependsTest::testOne.INFO: # FAILED # [] []
[2013-11-09 17:57:40] DependsTest::testOne.INFO: PASSED [] []
[2013-11-09 17:57:41] DependsTest::testOne.INFO: # Skipped # [] []
[2013-11-09 17:58:09] DependsTest::testOne.ALERT: Failed asserting that false is true. [] []
[2013-11-09 17:58:09] DependsTest::testOne.INFO: # FAILED # [] []
[2013-11-09 17:58:09] DependsTest::testOne.INFO: PASSED [] []
[2013-11-09 17:58:09] DependsTest::testOne.INFO: # Skipped # [] []
[2013-11-09 17:59:31] DependsTest::DependsTest::testOne.ALERT: Method DependsTest::testOne does not exist [] []
[2013-11-09 17:59:31] DependsTest::DependsTest::testOne.INFO: # FAILED # [] []
[2013-11-09 17:59:31] DependsTest::DependsTest::testOne.INFO: PASSED [] []
[2013-11-09 17:59:31] DependsTest::DependsTest::testOne.INFO: # Skipped # [] []
[2013-11-09 17:59:40] DependsTest::testOne.ALERT: Failed asserting that false is true. [] []
[2013-11-09 17:59:40] DependsTest::testOne.INFO: # FAILED # [] []
[2013-11-09 17:59:40] DependsTest::testOne.INFO: PASSED [] []
[2013-11-09 17:59:40] DependsTest::testOne.INFO: # Skipped # [] []
[2013-11-09 17:59:58] DependsTest::testOne.ALERT: Failed asserting that false is true. [] []
[2013-11-09 17:59:58] DependsTest::testOne.INFO: # FAILED # [] []
[2013-11-09 17:59:58] DependsTest::testOne.INFO: PASSED [] []
[2013-11-09 17:59:58] DependsTest::testOne.INFO: # Skipped # [] []
[2013-11-09 18:27:21] DependsTest::testOne.ALERT: Failed asserting that false is true. [] []
[2013-11-09 18:27:21] DependsTest::testOne.INFO: # FAILED # [] []
[2013-11-09 18:27:21] DependsTest::testOne.INFO: PASSED [] []
[2013-11-09 18:27:21] DependsTest::testOne.INFO: # Skipped # [] []
[2013-11-09 18:27:34] DependsTest::testOne.ALERT: Failed asserting that false is true. [] []
[2013-11-09 18:27:34] DependsTest::testOne.INFO: # FAILED # [] []
[2013-11-09 18:27:34] DependsTest::testOne.INFO: PASSED [] []
[2013-11-09 18:27:34] DependsTest::testOne.INFO: # Skipped # [] []
[2013-11-09 18:27:50] DependsTest::testOne.ALERT: Failed asserting that false is true. [] []
[2013-11-09 18:27:50] DependsTest::testOne.INFO: # FAILED # [] []
[2013-11-09 18:27:50] DependsTest::testOne.INFO: PASSED [] []
[2013-11-09 18:27:50] DependsTest::testOne.INFO: # Skipped # [] []
[2013-11-09 18:53:32] DependsTest::testOne.ALERT: Failed asserting that false is true. [] []
[2013-11-09 18:53:32] DependsTest::testOne.INFO: # FAILED # [] []
[2013-11-09 18:53:32] DependsTest::testOne.INFO: PASSED [] []
[2013-11-09 18:53:32] DependsTest::testOne.INFO: # Skipped # [] []
[2013-11-09 21:53:49] DependsTest::testOne.ALERT: Failed asserting that false is true. [] []
[2013-11-09 21:53:49] DependsTest::testOne.INFO: # FAILED # [] []
[2013-11-09 21:53:49] DependsTest::testOne.INFO: PASSED [] []
[2013-11-09 21:53:49] DependsTest::testOne.INFO: # Skipped # [] []
[2013-11-09 21:55:03] DependsTest::testOne.ALERT: Failed asserting that false is true. [] []
[2013-11-09 21:55:03] DependsTest::testOne.INFO: # FAILED # [] []
[2013-11-09 21:55:03] DependsTest::testOne.INFO: PASSED [] []
[2013-11-09 21:55:03] DependsTest::testOne.INFO: # Skipped # [] []
[2013-11-09 21:55:17] DependsTest::testOne.ALERT: Failed asserting that false is true. [] []
[2013-11-09 21:55:17] DependsTest::testOne.INFO: # FAILED # [] []
[2013-11-09 21:55:17] DependsTest::testOne.INFO: PASSED [] []
[2013-11-09 21:55:17] DependsTest::testOne.INFO: # Skipped # [] []
[2013-11-09 21:55:27] DependsTest::testOne.ALERT: Failed asserting that false is true. [] []
[2013-11-09 21:55:27] DependsTest::testOne.INFO: # FAILED # [] []
[2013-11-09 21:55:27] DependsTest::testOne.INFO: PASSED [] []
[2013-11-09 21:55:27] DependsTest::testOne.INFO: # Skipped # [] []
[2013-11-09 21:56:19] DependsTest::testOne.ALERT: Failed asserting that false is true. [] []
[2013-11-09 21:56:19] DependsTest::testOne.INFO: # FAILED # [] []
[2013-11-09 21:56:19] DependsTest::testOne.INFO: PASSED [] []
[2013-11-09 21:56:19] DependsTest::testOne.INFO: # Skipped # [] []
[2013-11-09 21:56:42] DependsTest::testOne.ALERT: Failed asserting that false is true. [] []
[2013-11-09 21:56:42] DependsTest::testOne.INFO: # FAILED # [] []
[2013-11-09 21:56:42] DependsTest::testOne.INFO: PASSED [] []
[2013-11-09 21:56:42] DependsTest::testOne.INFO: # Skipped # [] []
[2013-11-09 22:41:21] DependsTest::testOne.ALERT: Failed asserting that false is true. [] []
[2013-11-09 22:41:21] DependsTest::testOne.INFO: # FAILED # [] []
[2013-11-09 22:41:21] DependsTest::testOne.INFO: PASSED [] []
[2013-11-09 22:41:21] DependsTest::testOne.INFO: # Skipped # [] []
[2013-11-09 22:43:26] DependsTest::testOne.ALERT: Failed asserting that false is true. [] []
[2013-11-09 22:43:26] DependsTest::testOne.INFO: # FAILED # [] []
[2013-11-09 22:43:26] DependsTest::testOne.INFO: PASSED [] []
[2013-11-09 22:43:26] DependsTest::testOne.INFO: # Skipped # [] []
[2013-11-09 22:43:40] DependsTest::testOne.ALERT: Failed asserting that false is true. [] []
[2013-11-09 22:43:40] DependsTest::testOne.INFO: # FAILED # [] []
[2013-11-09 22:43:40] DependsTest::testOne.INFO: PASSED [] []
[2013-11-09 22:43:40] DependsTest::testOne.INFO: # Skipped # [] []
[2013-11-09 22:43:53] DependsTest::testOne.ALERT: Failed asserting that false is true. [] []
[2013-11-09 22:43:53] DependsTest::testOne.INFO: # FAILED # [] []
[2013-11-09 22:43:53] DependsTest::testOne.INFO: PASSED [] []
[2013-11-09 22:43:53] DependsTest::testOne.INFO: # Skipped # [] []
[2013-11-09 22:44:32] DependsTest::testOne.ALERT: Failed asserting that false is true. [] []
[2013-11-09 22:44:32] DependsTest::testOne.INFO: # FAILED # [] []
[2013-11-09 22:44:32] DependsTest::testOne.INFO: PASSED [] []
[2013-11-09 22:44:32] DependsTest::testOne.INFO: # Skipped # [] []
[2013-11-09 22:44:55] DependsTest::testOne.ALERT: Failed asserting that false is true. [] []
[2013-11-09 22:44:55] DependsTest::testOne.INFO: # FAILED # [] []
[2013-11-09 22:44:55] DependsTest::testOne.INFO: PASSED [] []
[2013-11-09 22:44:55] DependsTest::testOne.INFO: # Skipped # [] []
[2013-11-09 22:46:13] DependsTest::testOne.ALERT: Failed asserting that false is true. [] []
[2013-11-09 22:46:13] DependsTest::testOne.INFO: # FAILED # [] []
[2013-11-09 22:46:13] DependsTest::testOne.INFO: PASSED [] []
[2013-11-09 22:46:13] DependsTest::testOne.INFO: # Skipped # [] []
[2013-11-09 22:46:46] DependsTest::testOne.ALERT: Failed asserting that false is true. [] []
[2013-11-09 22:46:46] DependsTest::testOne.INFO: # FAILED # [] []
[2013-11-09 22:46:46] DependsTest::testOne.INFO: PASSED [] []
[2013-11-09 22:46:46] DependsTest::testOne.INFO: # Skipped # [] []
[2013-11-09 22:47:06] DependsTest::testOne.ALERT: Failed asserting that false is true. [] []
[2013-11-09 22:47:06] DependsTest::testOne.INFO: # FAILED # [] []
[2013-11-09 22:47:06] DependsTest::testOne.INFO: PASSED [] []
[2013-11-09 22:47:06] DependsTest::testOne.INFO: # Skipped # [] []
